<?xml version="1.0" encoding="UTF-8"?>
<testsuite xmlns:xsi="http://www.w3.org/2001/XMLSchema-instance" xsi:noNamespaceSchemaLocation="https://maven.apache.org/surefire/maven-surefire-plugin/xsd/surefire-test-report.xsd" version="3.0.2" name="com.magazin.magazina.MagazinaApplicationTests" time="112.238" tests="1" errors="0" skipped="0" failures="0">
  <properties>
[...]
</properties>
  <testcase name="contextLoads" classname="com.magazin.magazina.MagazinaApplicationTests" time="0.577">
    <system-out><![CDATA[21:52:26.483 [main] INFO org.springframework.test.context.support.AnnotationConfigContextLoaderUtils -- Could not detect default configuration classes for test class [com.magazin.magazina.MagazinaApplicationTests]: MagazinaApplicationTests does not declare any static, non-private, non-final, nested classes annotated with @Configuration.
21:52:26.757 [main] INFO org.springframework.boot.test.context.SpringBootTestContextBootstrapper -- Found @SpringBootConfiguration com.magazin.magazina.MagazinaApplication for test class com.magazin.magazina.MagazinaApplicationTests
21:52:27.061 [main] INFO org.springframework.boot.devtools.restart.RestartApplicationListener -- Restart disabled due to context in which it is running

  .   ____          _            __ _ _
 /\\ / ___'_ __ _ _(_)_ __  __ _ \ \ \ \
( ( )\___ | '_ | '_| | '_ \/ _` | \ \ \ \
 \\/  ___)| |_)| | | | | || (_| |  ) ) ) )
  '  |____| .__|_| |_|_| |_\__, | / / / /
 =========|_|==============|___/=/_/_/_/

 :: Spring Boot ::                (v3.4.0)

2025-01-04T21:52:27.821+01:00  INFO 653030 --- [           main] c.m.magazina.MagazinaApplicationTests    : Starting MagazinaApplicationTests using Java 21.0.5 with PID 653030 (started by mimche in /home/mimche/Downloads/magazina)
2025-01-04T21:52:27.825+01:00  INFO 653030 --- [           main] c.m.magazina.MagazinaApplicationTests    : No active profile set, falling back to 1 default profile: "default"
2025-01-04T21:52:27.827+01:00 DEBUG 653030 --- [           main] o.s.boot.SpringApplication               : Loading source class com.magazin.magazina.MagazinaApplication
2025-01-04T21:52:27.918+01:00 DEBUG 653030 --- [           main] o.s.w.c.s.GenericWebApplicationContext   : Refreshing org.springframework.web.context.support.GenericWebApplicationContext@1e411d81
2025-01-04T21:52:27.987+01:00 DEBUG 653030 --- [           main] o.s.b.f.s.DefaultListableBeanFactory     : Creating shared instance of singleton bean 'org.springframework.context.annotation.internalConfigurationAnnotationProcessor'
2025-01-04T21:52:28.036+01:00 DEBUG 653030 --- [           main] o.s.b.f.s.DefaultListableBeanFactory     : Creating shared instance of singleton bean 'org.springframework.boot.autoconfigure.internalCachingMetadataReaderFactory'
2025-01-04T21:52:28.284+01:00 DEBUG 653030 --- [           main] o.s.c.a.ClassPathBeanDefinitionScanner   : Identified candidate component class: file [/home/mimche/Downloads/magazina/target/classes/com/magazin/magazina/auth/AuthenticationController.class]
2025-01-04T21:52:28.328+01:00 DEBUG 653030 --- [           main] o.s.c.a.ClassPathBeanDefinitionScanner   : Identified candidate component class: file [/home/mimche/Downloads/magazina/target/classes/com/magazin/magazina/auth/AuthenticationService.class]
2025-01-04T21:52:28.357+01:00 DEBUG 653030 --- [           main] o.s.c.a.ClassPathBeanDefinitionScanner   : Identified candidate component class: file [/home/mimche/Downloads/magazina/target/classes/com/magazin/magazina/auth/ProtectController.class]
2025-01-04T21:52:28.387+01:00 DEBUG 653030 --- [           main] o.s.c.a.ClassPathBeanDefinitionScanner   : Identified candidate component class: file [/home/mimche/Downloads/magazina/target/classes/com/magazin/magazina/config/ApplicationConfig.class]
2025-01-04T21:52:28.392+01:00 DEBUG 653030 --- [           main] o.s.c.a.ClassPathBeanDefinitionScanner   : Identified candidate component class: file [/home/mimche/Downloads/magazina/target/classes/com/magazin/magazina/config/GlobalCorsConfig.class]
2025-01-04T21:52:28.399+01:00 DEBUG 653030 --- [           main] o.s.c.a.ClassPathBeanDefinitionScanner   : Identified candidate component class: file [/home/mimche/Downloads/magazina/target/classes/com/magazin/magazina/config/JacksonConfig.class]
2025-01-04T21:52:28.401+01:00 DEBUG 653030 --- [           main] o.s.c.a.ClassPathBeanDefinitionScanner   : Identified candidate component class: file [/home/mimche/Downloads/magazina/target/classes/com/magazin/magazina/config/JwtAuthenticationFilter.class]
2025-01-04T21:52:28.406+01:00 DEBUG 653030 --- [           main] o.s.c.a.ClassPathBeanDefinitionScanner   : Identified candidate component class: file [/home/mimche/Downloads/magazina/target/classes/com/magazin/magazina/config/JwtService.class]
2025-01-04T21:52:28.425+01:00 DEBUG 653030 --- [           main] o.s.c.a.ClassPathBeanDefinitionScanner   : Identified candidate component class: file [/home/mimche/Downloads/magazina/target/classes/com/magazin/magazina/config/SecurityConfiguration.class]
2025-01-04T21:52:28.466+01:00 DEBUG 653030 --- [           main] o.s.c.a.ClassPathBeanDefinitionScanner   : Identified candidate component class: file [/home/mimche/Downloads/magazina/target/classes/com/magazin/magazina/controllers/CategoryController.class]
2025-01-04T21:52:28.473+01:00 DEBUG 653030 --- [           main] o.s.c.a.ClassPathBeanDefinitionScanner   : Identified candidate component class: file [/home/mimche/Downloads/magazina/target/classes/com/magazin/magazina/controllers/MovementTypeController.class]
2025-01-04T21:52:28.484+01:00 DEBUG 653030 --- [           main] o.s.c.a.ClassPathBeanDefinitionScanner   : Identified candidate component class: file [/home/mimche/Downloads/magazina/target/classes/com/magazin/magazina/controllers/OrderController.class]
2025-01-04T21:52:28.492+01:00 DEBUG 653030 --- [           main] o.s.c.a.ClassPathBeanDefinitionScanner   : Identified candidate component class: file [/home/mimche/Downloads/magazina/target/classes/com/magazin/magazina/controllers/ProductCategoryController.class]
2025-01-04T21:52:28.513+01:00 DEBUG 653030 --- [           main] o.s.c.a.ClassPathBeanDefinitionScanner   : Identified candidate component class: file [/home/mimche/Downloads/magazina/target/classes/com/magazin/magazina/controllers/ProductController.class]
2025-01-04T21:52:28.526+01:00 DEBUG 653030 --- [           main] o.s.c.a.ClassPathBeanDefinitionScanner   : Identified candidate component class: file [/home/mimche/Downloads/magazina/target/classes/com/magazin/magazina/controllers/StatusController.class]
2025-01-04T21:52:28.530+01:00 DEBUG 653030 --- [           main] o.s.c.a.ClassPathBeanDefinitionScanner   : Identified candidate component class: file [/home/mimche/Downloads/magazina/target/classes/com/magazin/magazina/controllers/StockController.class]
2025-01-04T21:52:28.534+01:00 DEBUG 653030 --- [           main] o.s.c.a.ClassPathBeanDefinitionScanner   : Identified candidate component class: file [/home/mimche/Downloads/magazina/target/classes/com/magazin/magazina/controllers/SupplierController.class]
2025-01-04T21:52:28.538+01:00 DEBUG 653030 --- [           main] o.s.c.a.ClassPathBeanDefinitionScanner   : Identified candidate component class: file [/home/mimche/Downloads/magazina/target/classes/com/magazin/magazina/controllers/UserController.class]
2025-01-04T21:52:28.550+01:00 DEBUG 653030 --- [           main] o.s.c.a.ClassPathBeanDefinitionScanner   : Identified candidate component class: file [/home/mimche/Downloads/magazina/target/classes/com/magazin/magazina/controllers/customerController.class]
2025-01-04T21:52:28.639+01:00 DEBUG 653030 --- [           main] o.s.c.a.ClassPathBeanDefinitionScanner   : Ignored because not a concrete top-level class: file [/home/mimche/Downloads/magazina/target/classes/com/magazin/magazina/repositories/ProductCategoryRepository.class]
2025-01-04T21:52:28.654+01:00 DEBUG 653030 --- [           main] o.s.c.a.ClassPathBeanDefinitionScanner   : Identified candidate component class: file [/home/mimche/Downloads/magazina/target/classes/com/magazin/magazina/services/CategoryService.class]
2025-01-04T21:52:28.656+01:00 DEBUG 653030 --- [           main] o.s.c.a.ClassPathBeanDefinitionScanner   : Identified candidate component class: file [/home/mimche/Downloads/magazina/target/classes/com/magazin/magazina/services/CustomerService.class]
2025-01-04T21:52:28.659+01:00 DEBUG 653030 --- [           main] o.s.c.a.ClassPathBeanDefinitionScanner   : Identified candidate component class: file [/home/mimche/Downloads/magazina/target/classes/com/magazin/magazina/services/OrderService.class]
2025-01-04T21:52:28.661+01:00 DEBUG 653030 --- [           main] o.s.c.a.ClassPathBeanDefinitionScanner   : Identified candidate component class: file [/home/mimche/Downloads/magazina/target/classes/com/magazin/magazina/services/ProductCategoryService.class]
2025-01-04T21:52:28.664+01:00 DEBUG 653030 --- [           main] o.s.c.a.ClassPathBeanDefinitionScanner   : Identified candidate component class: file [/home/mimche/Downloads/magazina/target/classes/com/magazin/magazina/services/ProductService.class]
2025-01-04T21:52:28.666+01:00 DEBUG 653030 --- [           main] o.s.c.a.ClassPathBeanDefinitionScanner   : Identified candidate component class: file [/home/mimche/Downloads/magazina/target/classes/com/magazin/magazina/services/StockService.class]
2025-01-04T21:52:28.668+01:00 DEBUG 653030 --- [           main] o.s.c.a.ClassPathBeanDefinitionScanner   : Identified candidate component class: file [/home/mimche/Downloads/magazina/target/classes/com/magazin/magazina/services/SupplierService.class]
2025-01-04T21:52:28.670+01:00 DEBUG 653030 --- [           main] o.s.c.a.ClassPathBeanDefinitionScanner   : Identified candidate component class: file [/home/mimche/Downloads/magazina/target/classes/com/magazin/magazina/services/UserService.class]
2025-01-04T21:52:31.081+01:00  INFO 653030 --- [           main] .s.d.r.c.RepositoryConfigurationDelegate : Bootstrapping Spring Data JPA repositories in DEFAULT mode.
2025-01-04T21:52:31.097+01:00 DEBUG 653030 --- [           main] o.s.b.f.s.DefaultListableBeanFactory     : Creating shared instance of singleton bean 'org.springframework.boot.autoconfigure.AutoConfigurationPackages'
2025-01-04T21:52:31.116+01:00 DEBUG 653030 --- [           main] o.s.b.a.AutoConfigurationPackages        : @EnableAutoConfiguration was declared on a class in the package 'com.magazin.magazina'. Automatic @Repository and @Entity scanning is enabled.
2025-01-04T21:52:31.119+01:00 DEBUG 653030 --- [           main] .s.d.r.c.RepositoryConfigurationDelegate : Scanning for JPA repositories in packages com.magazin.magazina.
2025-01-04T21:52:31.189+01:00 DEBUG 653030 --- [           main] o.s.d.r.c.RepositoryComponentProvider    : Identified candidate component class: file [/home/mimche/Downloads/magazina/target/classes/com/magazin/magazina/repositories/CategoryRepository.class]
2025-01-04T21:52:31.190+01:00 DEBUG 653030 --- [           main] o.s.d.r.c.RepositoryComponentProvider    : Identified candidate component class: file [/home/mimche/Downloads/magazina/target/classes/com/magazin/magazina/repositories/CustomerRepository.class]
2025-01-04T21:52:31.191+01:00 DEBUG 653030 --- [           main] o.s.d.r.c.RepositoryComponentProvider    : Identified candidate component class: file [/home/mimche/Downloads/magazina/target/classes/com/magazin/magazina/repositories/OrderItemRepository.class]
2025-01-04T21:52:31.192+01:00 DEBUG 653030 --- [           main] o.s.d.r.c.RepositoryComponentProvider    : Identified candidate component class: file [/home/mimche/Downloads/magazina/target/classes/com/magazin/magazina/repositories/OrderRepository.class]
2025-01-04T21:52:31.193+01:00 DEBUG 653030 --- [           main] o.s.d.r.c.RepositoryComponentProvider    : Identified candidate component class: file [/home/mimche/Downloads/magazina/target/classes/com/magazin/magazina/repositories/ProductCategoryRepository.class]
2025-01-04T21:52:31.194+01:00 DEBUG 653030 --- [           main] o.s.d.r.c.RepositoryComponentProvider    : Identified candidate component class: file [/home/mimche/Downloads/magazina/target/classes/com/magazin/magazina/repositories/ProductImageRepository.class]
2025-01-04T21:52:31.195+01:00 DEBUG 653030 --- [           main] o.s.d.r.c.RepositoryComponentProvider    : Identified candidate component class: file [/home/mimche/Downloads/magazina/target/classes/com/magazin/magazina/repositories/ProductRepository.class]
2025-01-04T21:52:31.196+01:00 DEBUG 653030 --- [           main] o.s.d.r.c.RepositoryComponentProvider    : Identified candidate component class: file [/home/mimche/Downloads/magazina/target/classes/com/magazin/magazina/repositories/StockRepository.class]
2025-01-04T21:52:31.197+01:00 DEBUG 653030 --- [           main] o.s.d.r.c.RepositoryComponentProvider    : Identified candidate component class: file [/home/mimche/Downloads/magazina/target/classes/com/magazin/magazina/repositories/SupplierRepository.class]
2025-01-04T21:52:31.197+01:00 DEBUG 653030 --- [           main] o.s.d.r.c.RepositoryComponentProvider    : Identified candidate component class: file [/home/mimche/Downloads/magazina/target/classes/com/magazin/magazina/repositories/UserRepository.class]
2025-01-04T21:52:31.339+01:00  INFO 653030 --- [           main] .s.d.r.c.RepositoryConfigurationDelegate : Finished Spring Data repository scanning in 216 ms. Found 10 JPA repository interfaces.
2025-01-04T21:52:31.804+01:00 DEBUG 653030 --- [           main] o.s.b.f.s.DefaultListableBeanFactory     : Creating shared instance of singleton bean 'springSecurityHandlerMappingIntrospectorBeanDefinitionRegistryPostProcessor'
2025-01-04T21:52:32.077+01:00 DEBUG 653030 --- [           main] o.s.b.f.s.DefaultListableBeanFactory     : Creating shared instance of singleton bean 'propertySourcesPlaceholderConfigurer'
2025-01-04T21:52:32.102+01:00 DEBUG 653030 --- [           main] o.s.b.f.s.DefaultListableBeanFactory     : Creating shared instance of singleton bean 'org.springframework.boot.test.mock.mockito.MockitoPostProcessor'
2025-01-04T21:52:32.106+01:00 DEBUG 653030 --- [           main] o.s.b.f.s.DefaultListableBeanFactory     : Creating shared instance of singleton bean 'emBeanDefinitionRegistrarPostProcessor'
2025-01-04T21:52:32.108+01:00 DEBUG 653030 --- [           main] o.s.b.f.s.DefaultListableBeanFactory     : Creating shared instance of singleton bean 'org.springframework.boot.sql.init.dependency.DatabaseInitializationDependencyConfigurer$DependsOnDatabaseInitializationPostProcessor'
2025-01-04T21:52:32.374+01:00 DEBUG 653030 --- [           main] o.s.b.f.s.DefaultListableBeanFactory     : Creating shared instance of singleton bean 'org.springframework.context.event.internalEventListenerProcessor'
2025-01-04T21:52:32.378+01:00 DEBUG 653030 --- [           main] o.s.b.f.s.DefaultListableBeanFactory     : Creating shared instance of singleton bean 'conversionServicePostProcessor'
2025-01-04T21:52:32.413+01:00 DEBUG 653030 --- [           main] o.s.b.f.s.DefaultListableBeanFactory     : Creating shared instance of singleton bean 'preserveErrorControllerTargetClassPostProcessor'
2025-01-04T21:52:32.418+01:00 DEBUG 653030 --- [           main] o.s.b.f.s.DefaultListableBeanFactory     : Creating shared instance of singleton bean 'org.springframework.context.event.internalEventListenerFactory'
2025-01-04T21:52:32.420+01:00 DEBUG 653030 --- [           main] o.s.b.f.s.DefaultListableBeanFactory     : Creating shared instance of singleton bean 'org.springframework.transaction.config.internalTransactionalEventListenerFactory'
2025-01-04T21:52:32.436+01:00 DEBUG 653030 --- [           main] o.s.b.f.s.DefaultListableBeanFactory     : Creating shared instance of singleton bean 'org.springframework.boot.test.mock.mockito.MockitoPostProcessor$SpyPostProcessor'
2025-01-04T21:52:32.440+01:00 DEBUG 653030 --- [           main] o.s.b.f.s.DefaultListableBeanFactory     : Creating shared instance of singleton bean 'org.springframework.context.annotation.internalAutowiredAnnotationProcessor'
2025-01-04T21:52:32.446+01:00 DEBUG 653030 --- [           main] o.s.b.f.s.DefaultListableBeanFactory     : Creating shared instance of singleton bean 'org.springframework.context.annotation.internalCommonAnnotationProcessor'
2025-01-04T21:52:32.457+01:00 DEBUG 653030 --- [           main] o.s.b.f.s.DefaultListableBeanFactory     : Creating shared instance of singleton bean 'org.springframework.context.annotation.internalPersistenceAnnotationProcessor'
2025-01-04T21:52:32.459+01:00 DEBUG 653030 --- [           main] o.s.b.f.s.DefaultListableBeanFactory     : Creating shared instance of singleton bean 'org.springframework.boot.context.properties.ConfigurationPropertiesBindingPostProcessor'
2025-01-04T21:52:32.460+01:00 DEBUG 653030 --- [           main] o.s.b.f.s.DefaultListableBeanFactory     : Creating shared instance of singleton bean 'org.springframework.boot.context.internalConfigurationPropertiesBinder'
2025-01-04T21:52:32.469+01:00 DEBUG 653030 --- [           main] o.s.b.f.s.DefaultListableBeanFactory     : Creating shared instance of singleton bean 'jdbcConnectionDetailsHikariBeanPostProcessor'
2025-01-04T21:52:32.479+01:00 DEBUG 653030 --- [           main] o.s.b.f.s.DefaultListableBeanFactory     : Creating shared instance of singleton bean 'org.springframework.aop.config.internalAutoProxyCreator'
2025-01-04T21:52:32.534+01:00 DEBUG 653030 --- [           main] o.s.b.f.s.DefaultListableBeanFactory     : Creating shared instance of singleton bean 'persistenceExceptionTranslationPostProcessor'
2025-01-04T21:52:32.538+01:00 DEBUG 653030 --- [           main] o.s.b.f.s.DefaultListableBeanFactory     : Autowiring by type from bean name 'persistenceExceptionTranslationPostProcessor' via factory method to bean named 'environment'
2025-01-04T21:52:32.549+01:00 DEBUG 653030 --- [           main] o.s.b.f.s.DefaultListableBeanFactory     : Creating shared instance of singleton bean 'webServerFactoryCustomizerBeanPostProcessor'
2025-01-04T21:52:32.553+01:00 DEBUG 653030 --- [           main] o.s.b.f.s.DefaultListableBeanFactory     : Creating shared instance of singleton bean 'errorPageRegistrarBeanPostProcessor'
2025-01-04T21:52:32.554+01:00 DEBUG 653030 --- [           main] o.s.b.f.s.DefaultListableBeanFactory     : Creating shared instance of singleton bean 'projectingArgumentResolverBeanPostProcessor'
2025-01-04T21:52:32.558+01:00 DEBUG 653030 --- [           main] o.s.b.f.s.DefaultListableBeanFactory     : Creating shared instance of singleton bean 'org.springframework.transaction.config.internalTransactionAdvisor'
2025-01-04T21:52:32.559+01:00 DEBUG 653030 --- [           main] o.s.b.f.s.DefaultListableBeanFactory     : Creating shared instance of singleton bean 'org.springframework.transaction.annotation.ProxyTransactionManagementConfiguration'
2025-01-04T21:52:32.645+01:00 DEBUG 653030 --- [           main] o.s.b.f.s.DefaultListableBeanFactory     : Creating shared instance of singleton bean 'transactionAttributeSource'
2025-01-04T21:52:32.650+01:00 DEBUG 653030 --- [           main] o.s.b.f.s.DefaultListableBeanFactory     : Creating shared instance of singleton bean 'transactionInterceptor'
2025-01-04T21:52:32.651+01:00 DEBUG 653030 --- [           main] o.s.b.f.s.DefaultListableBeanFactory     : Autowiring by type from bean name 'transactionInterceptor' via factory method to bean named 'transactionAttributeSource'
2025-01-04T21:52:32.666+01:00 DEBUG 653030 --- [           main] o.s.b.f.s.DefaultListableBeanFactory     : Autowiring by type from bean name 'org.springframework.transaction.config.internalTransactionAdvisor' via factory method to bean named 'transactionAttributeSource'
2025-01-04T21:52:32.666+01:00 DEBUG 653030 --- [           main] o.s.b.f.s.DefaultListableBeanFactory     : Autowiring by type from bean name 'org.springframework.transaction.config.internalTransactionAdvisor' via factory method to bean named 'transactionInterceptor'
2025-01-04T21:52:32.764+01:00 DEBUG 653030 --- [           main] o.s.u.c.s.UiApplicationContextUtils      : Unable to locate ThemeSource with name 'themeSource': using default [org.springframework.ui.context.support.ResourceBundleThemeSource@45843650]
2025-01-04T21:52:32.771+01:00 DEBUG 653030 --- [           main] o.s.b.f.s.DefaultListableBeanFactory     : Creating shared instance of singleton bean 'org.springframework.test.context.support.internalDynamicPropertyRegistrarBeanInitializer'
2025-01-04T21:52:32.780+01:00 DEBUG 653030 --- [           main] o.s.b.f.s.DefaultListableBeanFactory     : Creating shared instance of singleton bean 'dataSourceScriptDatabaseInitializer'
2025-01-04T21:52:32.781+01:00 DEBUG 653030 --- [           main] o.s.b.f.s.DefaultListableBeanFactory     : Creating shared instance of singleton bean 'org.springframework.boot.autoconfigure.sql.init.DataSourceInitializationConfiguration'
2025-01-04T21:52:32.784+01:00 DEBUG 653030 --- [           main] o.s.b.f.s.DefaultListableBeanFactory     : Creating shared instance of singleton bean 'dataSource'
2025-01-04T21:52:32.785+01:00 DEBUG 653030 --- [           main] o.s.b.f.s.DefaultListableBeanFactory     : Creating shared instance of singleton bean 'org.springframework.boot.autoconfigure.jdbc.DataSourceConfiguration$Hikari'
2025-01-04T21:52:32.788+01:00 DEBUG 653030 --- [           main] o.s.b.f.s.DefaultListableBeanFactory     : Creating shared instance of singleton bean 'spring.datasource-org.springframework.boot.autoconfigure.jdbc.DataSourceProperties'
2025-01-04T21:52:32.793+01:00 DEBUG 653030 --- [           main] o.s.b.f.s.DefaultListableBeanFactory     : Creating shared instance of singleton bean 'org.springframework.boot.context.properties.BoundConfigurationProperties'
2025-01-04T21:52:32.852+01:00 DEBUG 653030 --- [           main] o.s.b.f.s.DefaultListableBeanFactory     : Creating shared instance of singleton bean 'jdbcConnectionDetails'
2025-01-04T21:52:32.853+01:00 DEBUG 653030 --- [           main] o.s.b.f.s.DefaultListableBeanFactory     : Creating shared instance of singleton bean 'org.springframework.boot.autoconfigure.jdbc.DataSourceAutoConfiguration$PooledDataSourceConfiguration'
2025-01-04T21:52:32.856+01:00 DEBUG 653030 --- [           main] o.s.b.f.s.DefaultListableBeanFactory     : Autowiring by type from bean name 'jdbcConnectionDetails' via factory method to bean named 'spring.datasource-org.springframework.boot.autoconfigure.jdbc.DataSourceProperties'
2025-01-04T21:52:32.861+01:00 DEBUG 653030 --- [           main] o.s.b.f.s.DefaultListableBeanFactory     : Autowiring by type from bean name 'dataSource' via factory method to bean named 'spring.datasource-org.springframework.boot.autoconfigure.jdbc.DataSourceProperties'
2025-01-04T21:52:32.861+01:00 DEBUG 653030 --- [           main] o.s.b.f.s.DefaultListableBeanFactory     : Autowiring by type from bean name 'dataSource' via factory method to bean named 'jdbcConnectionDetails'
2025-01-04T21:52:32.990+01:00 DEBUG 653030 --- [           main] o.s.b.f.s.DefaultListableBeanFactory     : Creating shared instance of singleton bean 'spring.sql.init-org.springframework.boot.autoconfigure.sql.init.SqlInitializationProperties'
2025-01-04T21:52:33.004+01:00 DEBUG 653030 --- [           main] o.s.b.f.s.DefaultListableBeanFactory     : Autowiring by type from bean name 'dataSourceScriptDatabaseInitializer' via factory method to bean named 'dataSource'
2025-01-04T21:52:33.005+01:00 DEBUG 653030 --- [           main] o.s.b.f.s.DefaultListableBeanFactory     : Autowiring by type from bean name 'dataSourceScriptDatabaseInitializer' via factory method to bean named 'spring.sql.init-org.springframework.boot.autoconfigure.sql.init.SqlInitializationProperties'
2025-01-04T21:52:33.021+01:00 DEBUG 653030 --- [           main] o.s.b.f.s.DefaultListableBeanFactory     : Creating shared instance of singleton bean 'entityManagerFactory'
2025-01-04T21:52:33.022+01:00 DEBUG 653030 --- [           main] o.s.b.f.s.DefaultListableBeanFactory     : Creating shared instance of singleton bean 'org.springframework.boot.autoconfigure.orm.jpa.HibernateJpaConfiguration'
2025-01-04T21:52:33.026+01:00 DEBUG 653030 --- [           main] o.s.b.f.s.DefaultListableBeanFactory     : Creating shared instance of singleton bean 'spring.jpa-org.springframework.boot.autoconfigure.orm.jpa.JpaProperties'
2025-01-04T21:52:33.058+01:00 DEBUG 653030 --- [           main] o.s.b.f.s.DefaultListableBeanFactory     : Creating shared instance of singleton bean 'spring.jpa.hibernate-org.springframework.boot.autoconfigure.orm.jpa.HibernateProperties'
2025-01-04T21:52:33.068+01:00 DEBUG 653030 --- [           main] o.s.b.f.s.DefaultListableBeanFactory     : Autowiring by type from bean name 'org.springframework.boot.autoconfigure.orm.jpa.HibernateJpaConfiguration' via constructor to bean named 'dataSource'
2025-01-04T21:52:33.068+01:00 DEBUG 653030 --- [           main] o.s.b.f.s.DefaultListableBeanFactory     : Autowiring by type from bean name 'org.springframework.boot.autoconfigure.orm.jpa.HibernateJpaConfiguration' via constructor to bean named 'spring.jpa-org.springframework.boot.autoconfigure.orm.jpa.JpaProperties'
2025-01-04T21:52:33.069+01:00 DEBUG 653030 --- [           main] o.s.b.f.s.DefaultListableBeanFactory     : Autowiring by type from bean name 'org.springframework.boot.autoconfigure.orm.jpa.HibernateJpaConfiguration' via constructor to bean named 'org.springframework.beans.factory.support.DefaultListableBeanFactory@79a1728c'
2025-01-04T21:52:33.069+01:00 DEBUG 653030 --- [           main] o.s.b.f.s.DefaultListableBeanFactory     : Autowiring by type from bean name 'org.springframework.boot.autoconfigure.orm.jpa.HibernateJpaConfiguration' via constructor to bean named 'spring.jpa.hibernate-org.springframework.boot.autoconfigure.orm.jpa.HibernateProperties'
2025-01-04T21:52:33.088+01:00 DEBUG 653030 --- [           main] o.s.b.f.s.DefaultListableBeanFactory     : Creating shared instance of singleton bean 'hikariPoolDataSourceMetadataProvider'
2025-01-04T21:52:33.089+01:00 DEBUG 653030 --- [           main] o.s.b.f.s.DefaultListableBeanFactory     : Creating shared instance of singleton bean 'org.springframework.boot.autoconfigure.jdbc.metadata.DataSourcePoolMetadataProvidersConfiguration$HikariPoolDataSourceMetadataProviderConfiguration'
2025-01-04T21:52:33.128+01:00 DEBUG 653030 --- [           main] o.s.b.f.s.DefaultListableBeanFactory     : Creating shared instance of singleton bean 'entityManagerFactoryBuilder'
2025-01-04T21:52:33.131+01:00 DEBUG 653030 --- [           main] o.s.b.f.s.DefaultListableBeanFactory     : Creating shared instance of singleton bean 'jpaVendorAdapter'
2025-01-04T21:52:33.209+01:00 DEBUG 653030 --- [           main] o.s.b.f.s.DefaultListableBeanFactory     : Autowiring by type from bean name 'entityManagerFactoryBuilder' via factory method to bean named 'jpaVendorAdapter'
2025-01-04T21:52:33.260+01:00 DEBUG 653030 --- [           main] o.s.b.f.s.DefaultListableBeanFactory     : Creating shared instance of singleton bean 'persistenceManagedTypes'
2025-01-04T21:52:33.268+01:00 DEBUG 653030 --- [           main] o.s.b.f.s.DefaultListableBeanFactory     : Autowiring by type from bean name 'persistenceManagedTypes' via factory method to bean named 'org.springframework.beans.factory.support.DefaultListableBeanFactory@79a1728c'
2025-01-04T21:52:33.268+01:00 DEBUG 653030 --- [           main] o.s.b.f.s.DefaultListableBeanFactory     : Autowiring by type from bean name 'persistenceManagedTypes' via factory method to bean named 'org.springframework.web.context.support.GenericWebApplicationContext@1e411d81'
2025-01-04T21:52:33.309+01:00 DEBUG 653030 --- [           main] o.s.b.f.s.DefaultListableBeanFactory     : Autowiring by type from bean name 'entityManagerFactory' via factory method to bean named 'entityManagerFactoryBuilder'
2025-01-04T21:52:33.309+01:00 DEBUG 653030 --- [           main] o.s.b.f.s.DefaultListableBeanFactory     : Autowiring by type from bean name 'entityManagerFactory' via factory method to bean named 'persistenceManagedTypes'
2025-01-04T21:52:33.339+01:00 DEBUG 653030 --- [           main] j.LocalContainerEntityManagerFactoryBean : Building JPA container EntityManagerFactory for persistence unit 'default'
2025-01-04T21:52:33.398+01:00  INFO 653030 --- [           main] o.hibernate.jpa.internal.util.LogHelper  : HHH000204: Processing PersistenceUnitInfo [name: default]
2025-01-04T21:52:33.556+01:00  INFO 653030 --- [           main] org.hibernate.Version                    : HHH000412: Hibernate ORM core version 6.2.0.Final
2025-01-04T21:52:33.561+01:00  INFO 653030 --- [           main] org.hibernate.cfg.Environment            : HHH000406: Using bytecode reflection optimizer
2025-01-04T21:52:34.442+01:00  INFO 653030 --- [           main] o.h.b.i.BytecodeProviderInitiator        : HHH000021: Bytecode provider name : bytebuddy
2025-01-04T21:52:35.464+01:00  INFO 653030 --- [           main] o.s.o.j.p.SpringPersistenceUnitInfo      : No LoadTimeWeaver setup: ignoring JPA class transformer
2025-01-04T21:52:35.617+01:00  INFO 653030 --- [           main] com.zaxxer.hikari.HikariDataSource       : HikariPool-1 - Starting...
2025-01-04T21:52:53.409+01:00  INFO 653030 --- [           main] com.zaxxer.hikari.pool.HikariPool        : HikariPool-1 - Added connection org.postgresql.jdbc.PgConnection@59d5c537
2025-01-04T21:52:53.417+01:00  INFO 653030 --- [           main] com.zaxxer.hikari.HikariDataSource       : HikariPool-1 - Start completed.
2025-01-04T21:52:54.570+01:00  INFO 653030 --- [           main] SQL dialect                              : HHH000400: Using dialect: org.hibernate.dialect.PostgreSQLDialect
2025-01-04T21:52:59.515+01:00  INFO 653030 --- [           main] o.h.b.i.BytecodeProviderInitiator        : HHH000021: Bytecode provider name : bytebuddy
2025-01-04T21:53:01.784+01:00  INFO 653030 --- [           main] o.h.e.t.j.p.i.JtaPlatformInitiator       : HHH000490: Using JtaPlatform implementation: [org.hibernate.engine.transaction.jta.platform.internal.NoJtaPlatform]
Hibernate: alter table if exists categories alter column created_at set data type timestamp(6)
Hibernate: alter table if exists categories alter column updated_at set data type timestamp(6)
Hibernate: alter table if exists customers alter column created_at set data type timestamp(6)
Hibernate: alter table if exists customers alter column latitude set data type float(53)
Hibernate: alter table if exists customers alter column longitude set data type float(53)
Hibernate: alter table if exists customers alter column updated_at set data type timestamp(6)
Hibernate: alter table if exists order_items alter column created_at set data type timestamp(6)
Hibernate: alter table if exists order_items alter column updated_at set data type timestamp(6)
Hibernate: alter table if exists orders alter column created_at set data type timestamp(6)
Hibernate: alter table if exists orders alter column total_cost set data type float(53)
Hibernate: alter table if exists orders alter column updated_at set data type timestamp(6)
Hibernate: alter table if exists product_categories alter column created_at set data type timestamp(6)
Hibernate: alter table if exists product_categories alter column updated_at set data type timestamp(6)
Hibernate: alter table if exists products alter column created_at set data type timestamp(6)
Hibernate: alter table if exists products alter column height set data type float(53)
Hibernate: alter table if exists products alter column length set data type float(53)
Hibernate: alter table if exists products alter column price set data type float(53)
Hibernate: alter table if exists products alter column updated_at set data type timestamp(6)
Hibernate: alter table if exists products alter column weight set data type float(53)
Hibernate: alter table if exists products alter column width set data type float(53)
Hibernate: alter table if exists stocks alter column created_at set data type timestamp(6)
Hibernate: alter table if exists stocks alter column updated_at set data type timestamp(6)
Hibernate: alter table if exists suppliers alter column created_at set data type timestamp(6)
Hibernate: alter table if exists suppliers alter column updated_at set data type timestamp(6)
Hibernate: alter table if exists users alter column created_at set data type timestamp(6)
Hibernate: alter table if exists users alter column updated_at set data type timestamp(6)
2025-01-04T21:54:10.958+01:00  INFO 653030 --- [           main] j.LocalContainerEntityManagerFactoryBean : Initialized JPA EntityManagerFactory for persistence unit 'default'
2025-01-04T21:54:10.979+01:00 DEBUG 653030 --- [           main] o.s.b.f.s.DefaultListableBeanFactory     : Creating shared instance of singleton bean 'magazinaApplication'
2025-01-04T21:54:10.984+01:00 DEBUG 653030 --- [           main] o.s.b.f.s.DefaultListableBeanFactory     : Creating shared instance of singleton bean 'userService'
2025-01-04T21:54:10.985+01:00 DEBUG 653030 --- [           main] o.s.b.f.s.DefaultListableBeanFactory     : Creating shared instance of singleton bean 'userRepository'
2025-01-04T21:54:10.997+01:00 DEBUG 653030 --- [           main] o.s.b.f.s.DefaultListableBeanFactory     : Creating shared instance of singleton bean 'jpa.named-queries#1'
2025-01-04T21:54:11.010+01:00 DEBUG 653030 --- [           main] o.s.b.f.s.DefaultListableBeanFactory     : Creating shared instance of singleton bean 'jpa.UserRepository.fragments#0'
2025-01-04T21:54:11.018+01:00 DEBUG 653030 --- [           main] o.s.b.f.s.DefaultListableBeanFactory     : Creating shared instance of singleton bean 'jpaSharedEM_entityManagerFactory'
2025-01-04T21:54:11.047+01:00 DEBUG 653030 --- [           main] o.s.b.f.s.DefaultListableBeanFactory     : Creating shared instance of singleton bean 'jpaMappingContext'
2025-01-04T21:54:11.048+01:00 DEBUG 653030 --- [           main] .c.JpaMetamodelMappingContextFactoryBean : Initializing JpaMetamodelMappingContext…
2025-01-04T21:54:11.060+01:00 DEBUG 653030 --- [           main] .c.JpaMetamodelMappingContextFactoryBean : Finished initializing JpaMetamodelMappingContext
2025-01-04T21:54:11.085+01:00 DEBUG 653030 --- [           main] tor$SharedEntityManagerInvocationHandler : Creating new EntityManager for shared EntityManager invocation
2025-01-04T21:54:11.123+01:00 DEBUG 653030 --- [           main] tor$SharedEntityManagerInvocationHandler : Creating new EntityManager for shared EntityManager invocation
2025-01-04T21:54:11.203+01:00 DEBUG 653030 --- [           main] o.s.d.r.c.s.RepositoryFactorySupport     : Initializing repository instance for com.magazin.magazina.repositories.UserRepository…
2025-01-04T21:54:11.213+01:00 DEBUG 653030 --- [           main] tor$SharedEntityManagerInvocationHandler : Creating new EntityManager for shared EntityManager invocation
2025-01-04T21:54:11.254+01:00 DEBUG 653030 --- [           main] o.s.d.jpa.repository.query.NamedQuery    : Looking up named query User.findByEmail
2025-01-04T21:54:11.256+01:00 DEBUG 653030 --- [           main] o.s.d.jpa.repository.query.NamedQuery    : Did not find named query User.findByEmail
2025-01-04T21:54:11.259+01:00 DEBUG 653030 --- [           main] tor$SharedEntityManagerInvocationHandler : Creating new EntityManager for shared EntityManager invocation
2025-01-04T21:54:11.303+01:00 DEBUG 653030 --- [           main] o.s.d.r.c.s.RepositoryFactorySupport     : Finished creation of repository instance for com.magazin.magazina.repositories.UserRepository.
2025-01-04T21:54:11.307+01:00 DEBUG 653030 --- [           main] o.s.b.f.s.DefaultListableBeanFactory     : Creating shared instance of singleton bean 'authenticationController'
2025-01-04T21:54:11.311+01:00 DEBUG 653030 --- [           main] o.s.b.f.s.DefaultListableBeanFactory     : Creating shared instance of singleton bean 'authenticationService'
2025-01-04T21:54:11.312+01:00 DEBUG 653030 --- [           main] o.s.b.f.s.DefaultListableBeanFactory     : Creating shared instance of singleton bean 'jwtService'
2025-01-04T21:54:11.314+01:00 DEBUG 653030 --- [           main] o.s.b.f.s.DefaultListableBeanFactory     : Creating shared instance of singleton bean 'passwordEncoder'
2025-01-04T21:54:11.314+01:00 DEBUG 653030 --- [           main] o.s.b.f.s.DefaultListableBeanFactory     : Creating shared instance of singleton bean 'applicationConfig'
2025-01-04T21:54:11.314+01:00 DEBUG 653030 --- [           main] o.s.b.f.s.DefaultListableBeanFactory     : Autowiring by type from bean name 'applicationConfig' via constructor to bean named 'userRepository'
2025-01-04T21:54:11.317+01:00 DEBUG 653030 --- [           main] o.s.b.f.s.DefaultListableBeanFactory     : Creating shared instance of singleton bean 'authenticationManager'
2025-01-04T21:54:11.317+01:00 DEBUG 653030 --- [           main] o.s.b.f.s.DefaultListableBeanFactory     : Creating shared instance of singleton bean 'org.springframework.security.config.annotation.authentication.configuration.AuthenticationConfiguration'
2025-01-04T21:54:11.320+01:00 DEBUG 653030 --- [           main] o.s.b.f.s.DefaultListableBeanFactory     : Creating shared instance of singleton bean 'enableGlobalAuthenticationAutowiredConfigurer'
2025-01-04T21:54:11.320+01:00 DEBUG 653030 --- [           main] o.s.b.f.s.DefaultListableBeanFactory     : Autowiring by type from bean name 'enableGlobalAuthenticationAutowiredConfigurer' via factory method to bean named 'org.springframework.web.context.support.GenericWebApplicationContext@1e411d81'
2025-01-04T21:54:11.321+01:00 DEBUG 653030 --- [           main] o.s.b.f.s.DefaultListableBeanFactory     : Creating shared instance of singleton bean 'initializeUserDetailsBeanManagerConfigurer'
2025-01-04T21:54:11.322+01:00 DEBUG 653030 --- [           main] o.s.b.f.s.DefaultListableBeanFactory     : Autowiring by type from bean name 'initializeUserDetailsBeanManagerConfigurer' via factory method to bean named 'org.springframework.web.context.support.GenericWebApplicationContext@1e411d81'
2025-01-04T21:54:11.323+01:00 DEBUG 653030 --- [           main] o.s.b.f.s.DefaultListableBeanFactory     : Creating shared instance of singleton bean 'initializeAuthenticationProviderBeanManagerConfigurer'
2025-01-04T21:54:11.323+01:00 DEBUG 653030 --- [           main] o.s.b.f.s.DefaultListableBeanFactory     : Autowiring by type from bean name 'initializeAuthenticationProviderBeanManagerConfigurer' via factory method to bean named 'org.springframework.web.context.support.GenericWebApplicationContext@1e411d81'
2025-01-04T21:54:11.324+01:00 DEBUG 653030 --- [           main] o.s.b.f.s.DefaultListableBeanFactory     : Creating shared instance of singleton bean 'objectPostProcessor'
2025-01-04T21:54:11.325+01:00 DEBUG 653030 --- [           main] o.s.b.f.s.DefaultListableBeanFactory     : Creating shared instance of singleton bean 'org.springframework.security.config.annotation.configuration.ObjectPostProcessorConfiguration'
2025-01-04T21:54:11.325+01:00 DEBUG 653030 --- [           main] o.s.b.f.s.DefaultListableBeanFactory     : Autowiring by type from bean name 'objectPostProcessor' via factory method to bean named 'org.springframework.beans.factory.support.DefaultListableBeanFactory@79a1728c'
2025-01-04T21:54:11.327+01:00 DEBUG 653030 --- [           main] o.s.b.f.s.DefaultListableBeanFactory     : Autowiring by type from bean name 'authenticationManager' via factory method to bean named 'org.springframework.security.config.annotation.authentication.configuration.AuthenticationConfiguration'
2025-01-04T21:54:11.327+01:00 DEBUG 653030 --- [           main] o.s.b.f.s.DefaultListableBeanFactory     : Creating shared instance of singleton bean 'authenticationManagerBuilder'
2025-01-04T21:54:11.328+01:00 DEBUG 653030 --- [           main] o.s.b.f.s.DefaultListableBeanFactory     : Autowiring by type from bean name 'authenticationManagerBuilder' via factory method to bean named 'objectPostProcessor'
2025-01-04T21:54:11.328+01:00 DEBUG 653030 --- [           main] o.s.b.f.s.DefaultListableBeanFactory     : Autowiring by type from bean name 'authenticationManagerBuilder' via factory method to bean named 'org.springframework.web.context.support.GenericWebApplicationContext@1e411d81'
2025-01-04T21:54:11.329+01:00 DEBUG 653030 --- [           main] o.s.b.f.s.DefaultListableBeanFactory     : Creating shared instance of singleton bean 'authenticationEventPublisher'
2025-01-04T21:54:11.329+01:00 DEBUG 653030 --- [           main] o.s.b.f.s.DefaultListableBeanFactory     : Creating shared instance of singleton bean 'org.springframework.boot.autoconfigure.security.servlet.SecurityAutoConfiguration'
2025-01-04T21:54:11.330+01:00 DEBUG 653030 --- [           main] o.s.b.f.s.DefaultListableBeanFactory     : Autowiring by type from bean name 'authenticationEventPublisher' via factory method to bean named 'org.springframework.web.context.support.GenericWebApplicationContext@1e411d81'
2025-01-04T21:54:11.346+01:00 DEBUG 653030 --- [           main] o.s.b.f.s.DefaultListableBeanFactory     : Creating shared instance of singleton bean 'securityConfiguration'
2025-01-04T21:54:11.347+01:00 DEBUG 653030 --- [           main] o.s.b.f.s.DefaultListableBeanFactory     : Creating shared instance of singleton bean 'jwtAuthenticationFilter'
2025-01-04T21:54:11.349+01:00 DEBUG 653030 --- [           main] o.s.b.f.s.DefaultListableBeanFactory     : Creating shared instance of singleton bean 'userDetailsService'
2025-01-04T21:54:11.352+01:00 DEBUG 653030 --- [           main] o.s.b.f.s.DefaultListableBeanFactory     : Creating shared instance of singleton bean 'authenticationProvider'
org.springframework.security.authentication.dao.DaoAuthenticationProvider@207f7baa
2025-01-04T21:54:11.371+01:00 DEBUG 653030 --- [           main] o.s.b.f.s.DefaultListableBeanFactory     : Autowiring by type from bean name 'securityConfiguration' via constructor to bean named 'jwtAuthenticationFilter'
2025-01-04T21:54:11.372+01:00 DEBUG 653030 --- [           main] o.s.b.f.s.DefaultListableBeanFactory     : Autowiring by type from bean name 'securityConfiguration' via constructor to bean named 'authenticationProvider'
2025-01-04T21:54:11.374+01:00  INFO 653030 --- [           main] eAuthenticationProviderManagerConfigurer : Global AuthenticationManager configured with AuthenticationProvider bean with name authenticationProvider
2025-01-04T21:54:11.375+01:00  WARN 653030 --- [           main] r$InitializeUserDetailsManagerConfigurer : Global AuthenticationManager configured with an AuthenticationProvider bean. UserDetailsService beans will not be used by Spring Security for automatically configuring username/password login. Consider removing the AuthenticationProvider bean. Alternatively, consider using the UserDetailsService in a manually instantiated DaoAuthenticationProvider. If the current configuration is intentional, to turn off this warning, increase the logging level of 'org.springframework.security.config.annotation.authentication.configuration.InitializeUserDetailsBeanManagerConfigurer' to ERROR
2025-01-04T21:54:11.378+01:00 DEBUG 653030 --- [           main] o.s.c.e.PropertySourcesPropertyResolver  : Found key 'env' in PropertySource 'environmentProperties' with value of type String
2025-01-04T21:54:11.380+01:00 DEBUG 653030 --- [           main] o.s.b.f.s.DefaultListableBeanFactory     : Creating shared instance of singleton bean 'protectController'
2025-01-04T21:54:11.382+01:00 DEBUG 653030 --- [           main] o.s.b.f.s.DefaultListableBeanFactory     : Creating shared instance of singleton bean 'globalCorsConfig'
2025-01-04T21:54:11.383+01:00 DEBUG 653030 --- [           main] o.s.b.f.s.DefaultListableBeanFactory     : Creating shared instance of singleton bean 'jacksonConfig'
2025-01-04T21:54:11.384+01:00 DEBUG 653030 --- [           main] o.s.b.f.s.DefaultListableBeanFactory     : Creating shared instance of singleton bean 'categoryController'
2025-01-04T21:54:11.387+01:00 DEBUG 653030 --- [           main] o.s.b.f.s.DefaultListableBeanFactory     : Creating shared instance of singleton bean 'categoryService'
2025-01-04T21:54:11.387+01:00 DEBUG 653030 --- [           main] o.s.b.f.s.DefaultListableBeanFactory     : Creating shared instance of singleton bean 'categoryRepository'
2025-01-04T21:54:11.388+01:00 DEBUG 653030 --- [           main] o.s.b.f.s.DefaultListableBeanFactory     : Creating shared instance of singleton bean 'jpa.named-queries#2'
2025-01-04T21:54:11.389+01:00 DEBUG 653030 --- [           main] o.s.b.f.s.DefaultListableBeanFactory     : Creating shared instance of singleton bean 'jpa.CategoryRepository.fragments#0'
2025-01-04T21:54:11.390+01:00 DEBUG 653030 --- [           main] tor$SharedEntityManagerInvocationHandler : Creating new EntityManager for shared EntityManager invocation
2025-01-04T21:54:11.391+01:00 DEBUG 653030 --- [           main] o.s.d.r.c.s.RepositoryFactorySupport     : Initializing repository instance for com.magazin.magazina.repositories.CategoryRepository…
2025-01-04T21:54:11.391+01:00 DEBUG 653030 --- [           main] tor$SharedEntityManagerInvocationHandler : Creating new EntityManager for shared EntityManager invocation
2025-01-04T21:54:11.394+01:00 DEBUG 653030 --- [           main] o.s.d.jpa.repository.query.NamedQuery    : Looking up named query Category.findByName
2025-01-04T21:54:11.394+01:00 DEBUG 653030 --- [           main] o.s.d.jpa.repository.query.NamedQuery    : Did not find named query Category.findByName
2025-01-04T21:54:11.394+01:00 DEBUG 653030 --- [           main] tor$SharedEntityManagerInvocationHandler : Creating new EntityManager for shared EntityManager invocation
2025-01-04T21:54:11.397+01:00 DEBUG 653030 --- [           main] o.s.d.r.c.s.RepositoryFactorySupport     : Finished creation of repository instance for com.magazin.magazina.repositories.CategoryRepository.
2025-01-04T21:54:11.400+01:00 DEBUG 653030 --- [           main] o.s.b.f.s.DefaultListableBeanFactory     : Creating shared instance of singleton bean 'movementTypeController'
2025-01-04T21:54:11.401+01:00 DEBUG 653030 --- [           main] o.s.b.f.s.DefaultListableBeanFactory     : Creating shared instance of singleton bean 'orderController'
2025-01-04T21:54:11.402+01:00 DEBUG 653030 --- [           main] o.s.b.f.s.DefaultListableBeanFactory     : Creating shared instance of singleton bean 'orderService'
2025-01-04T21:54:11.403+01:00 DEBUG 653030 --- [           main] o.s.b.f.s.DefaultListableBeanFactory     : Creating shared instance of singleton bean 'orderRepository'
2025-01-04T21:54:11.404+01:00 DEBUG 653030 --- [           main] o.s.b.f.s.DefaultListableBeanFactory     : Creating shared instance of singleton bean 'jpa.named-queries#9'
2025-01-04T21:54:11.405+01:00 DEBUG 653030 --- [           main] o.s.b.f.s.DefaultListableBeanFactory     : Creating shared instance of singleton bean 'jpa.OrderRepository.fragments#0'
2025-01-04T21:54:11.406+01:00 DEBUG 653030 --- [           main] tor$SharedEntityManagerInvocationHandler : Creating new EntityManager for shared EntityManager invocation
2025-01-04T21:54:11.407+01:00 DEBUG 653030 --- [           main] o.s.d.r.c.s.RepositoryFactorySupport     : Initializing repository instance for com.magazin.magazina.repositories.OrderRepository…
2025-01-04T21:54:11.407+01:00 DEBUG 653030 --- [           main] tor$SharedEntityManagerInvocationHandler : Creating new EntityManager for shared EntityManager invocation
2025-01-04T21:54:11.409+01:00 DEBUG 653030 --- [           main] o.s.d.jpa.repository.query.NamedQuery    : Looking up named query Order.existsByCustomerId
2025-01-04T21:54:11.410+01:00 DEBUG 653030 --- [           main] o.s.d.jpa.repository.query.NamedQuery    : Did not find named query Order.existsByCustomerId
2025-01-04T21:54:11.410+01:00 DEBUG 653030 --- [           main] tor$SharedEntityManagerInvocationHandler : Creating new EntityManager for shared EntityManager invocation
2025-01-04T21:54:11.418+01:00 DEBUG 653030 --- [           main] o.s.d.r.c.s.RepositoryFactorySupport     : Finished creation of repository instance for com.magazin.magazina.repositories.OrderRepository.
2025-01-04T21:54:11.419+01:00 DEBUG 653030 --- [           main] o.s.b.f.s.DefaultListableBeanFactory     : Creating shared instance of singleton bean 'orderItemRepository'
2025-01-04T21:54:11.420+01:00 DEBUG 653030 --- [           main] o.s.b.f.s.DefaultListableBeanFactory     : Creating shared instance of singleton bean 'jpa.named-queries#7'
2025-01-04T21:54:11.421+01:00 DEBUG 653030 --- [           main] o.s.b.f.s.DefaultListableBeanFactory     : Creating shared instance of singleton bean 'jpa.OrderItemRepository.fragments#0'
2025-01-04T21:54:11.422+01:00 DEBUG 653030 --- [           main] tor$SharedEntityManagerInvocationHandler : Creating new EntityManager for shared EntityManager invocation
2025-01-04T21:54:11.423+01:00 DEBUG 653030 --- [           main] o.s.d.r.c.s.RepositoryFactorySupport     : Initializing repository instance for com.magazin.magazina.repositories.OrderItemRepository…
2025-01-04T21:54:11.423+01:00 DEBUG 653030 --- [           main] tor$SharedEntityManagerInvocationHandler : Creating new EntityManager for shared EntityManager invocation
2025-01-04T21:54:11.434+01:00 DEBUG 653030 --- [           main] o.s.d.r.c.s.RepositoryFactorySupport     : Finished creation of repository instance for com.magazin.magazina.repositories.OrderItemRepository.
2025-01-04T21:54:11.436+01:00 DEBUG 653030 --- [           main] o.s.b.f.s.DefaultListableBeanFactory     : Creating shared instance of singleton bean 'productRepository'
2025-01-04T21:54:11.436+01:00 DEBUG 653030 --- [           main] o.s.b.f.s.DefaultListableBeanFactory     : Creating shared instance of singleton bean 'jpa.named-queries#8'
2025-01-04T21:54:11.437+01:00 DEBUG 653030 --- [           main] o.s.b.f.s.DefaultListableBeanFactory     : Creating shared instance of singleton bean 'jpa.ProductRepository.fragments#0'
2025-01-04T21:54:11.438+01:00 DEBUG 653030 --- [           main] tor$SharedEntityManagerInvocationHandler : Creating new EntityManager for shared EntityManager invocation
2025-01-04T21:54:11.439+01:00 DEBUG 653030 --- [           main] o.s.d.r.c.s.RepositoryFactorySupport     : Initializing repository instance for com.magazin.magazina.repositories.ProductRepository…
2025-01-04T21:54:11.439+01:00 DEBUG 653030 --- [           main] tor$SharedEntityManagerInvocationHandler : Creating new EntityManager for shared EntityManager invocation
2025-01-04T21:54:11.441+01:00 DEBUG 653030 --- [           main] o.s.d.jpa.repository.query.NamedQuery    : Looking up named query Product.findByProductCategory_Name
2025-01-04T21:54:11.442+01:00 DEBUG 653030 --- [           main] o.s.d.jpa.repository.query.NamedQuery    : Did not find named query Product.findByProductCategory_Name
2025-01-04T21:54:11.442+01:00 DEBUG 653030 --- [           main] tor$SharedEntityManagerInvocationHandler : Creating new EntityManager for shared EntityManager invocation
2025-01-04T21:54:11.445+01:00 DEBUG 653030 --- [           main] o.s.d.r.c.s.RepositoryFactorySupport     : Finished creation of repository instance for com.magazin.magazina.repositories.ProductRepository.
2025-01-04T21:54:11.447+01:00 DEBUG 653030 --- [           main] o.s.b.f.s.DefaultListableBeanFactory     : Creating shared instance of singleton bean 'customerRepository'
2025-01-04T21:54:11.448+01:00 DEBUG 653030 --- [           main] o.s.b.f.s.DefaultListableBeanFactory     : Creating shared instance of singleton bean 'jpa.named-queries#6'
2025-01-04T21:54:11.449+01:00 DEBUG 653030 --- [           main] o.s.b.f.s.DefaultListableBeanFactory     : Creating shared instance of singleton bean 'jpa.CustomerRepository.fragments#0'
2025-01-04T21:54:11.450+01:00 DEBUG 653030 --- [           main] tor$SharedEntityManagerInvocationHandler : Creating new EntityManager for shared EntityManager invocation
2025-01-04T21:54:11.450+01:00 DEBUG 653030 --- [           main] o.s.d.r.c.s.RepositoryFactorySupport     : Initializing repository instance for com.magazin.magazina.repositories.CustomerRepository…
2025-01-04T21:54:11.450+01:00 DEBUG 653030 --- [           main] tor$SharedEntityManagerInvocationHandler : Creating new EntityManager for shared EntityManager invocation
2025-01-04T21:54:11.452+01:00 DEBUG 653030 --- [           main] o.s.d.jpa.repository.query.NamedQuery    : Looking up named query Customer.findByUser
2025-01-04T21:54:11.452+01:00 DEBUG 653030 --- [           main] o.s.d.jpa.repository.query.NamedQuery    : Did not find named query Customer.findByUser
2025-01-04T21:54:11.452+01:00 DEBUG 653030 --- [           main] tor$SharedEntityManagerInvocationHandler : Creating new EntityManager for shared EntityManager invocation
2025-01-04T21:54:11.456+01:00 DEBUG 653030 --- [           main] o.s.d.r.c.s.RepositoryFactorySupport     : Finished creation of repository instance for com.magazin.magazina.repositories.CustomerRepository.
2025-01-04T21:54:11.458+01:00 DEBUG 653030 --- [           main] o.s.b.f.s.DefaultListableBeanFactory     : Creating shared instance of singleton bean 'stockRepository'
2025-01-04T21:54:11.458+01:00 DEBUG 653030 --- [           main] o.s.b.f.s.DefaultListableBeanFactory     : Creating shared instance of singleton bean 'jpa.named-queries#4'
2025-01-04T21:54:11.459+01:00 DEBUG 653030 --- [           main] o.s.b.f.s.DefaultListableBeanFactory     : Creating shared instance of singleton bean 'jpa.StockRepository.fragments#0'
2025-01-04T21:54:11.460+01:00 DEBUG 653030 --- [           main] tor$SharedEntityManagerInvocationHandler : Creating new EntityManager for shared EntityManager invocation
2025-01-04T21:54:11.460+01:00 DEBUG 653030 --- [           main] o.s.d.r.c.s.RepositoryFactorySupport     : Initializing repository instance for com.magazin.magazina.repositories.StockRepository…
2025-01-04T21:54:11.461+01:00 DEBUG 653030 --- [           main] tor$SharedEntityManagerInvocationHandler : Creating new EntityManager for shared EntityManager invocation
2025-01-04T21:54:11.462+01:00 DEBUG 653030 --- [           main] o.s.d.jpa.repository.query.NamedQuery    : Looking up named query Stock.findByProductId
2025-01-04T21:54:11.463+01:00 DEBUG 653030 --- [           main] o.s.d.jpa.repository.query.NamedQuery    : Did not find named query Stock.findByProductId
2025-01-04T21:54:11.463+01:00 DEBUG 653030 --- [           main] tor$SharedEntityManagerInvocationHandler : Creating new EntityManager for shared EntityManager invocation
2025-01-04T21:54:11.466+01:00 DEBUG 653030 --- [           main] o.s.d.r.c.s.RepositoryFactorySupport     : Finished creation of repository instance for com.magazin.magazina.repositories.StockRepository.
2025-01-04T21:54:11.468+01:00 DEBUG 653030 --- [           main] o.s.b.f.s.DefaultListableBeanFactory     : Creating shared instance of singleton bean 'productCategoryController'
2025-01-04T21:54:11.469+01:00 DEBUG 653030 --- [           main] o.s.b.f.s.DefaultListableBeanFactory     : Creating shared instance of singleton bean 'productCategoryRepository'
2025-01-04T21:54:11.470+01:00 DEBUG 653030 --- [           main] o.s.b.f.s.DefaultListableBeanFactory     : Creating shared instance of singleton bean 'jpa.named-queries#3'
2025-01-04T21:54:11.470+01:00 DEBUG 653030 --- [           main] o.s.b.f.s.DefaultListableBeanFactory     : Creating shared instance of singleton bean 'jpa.ProductCategoryRepository.fragments#0'
2025-01-04T21:54:11.471+01:00 DEBUG 653030 --- [           main] tor$SharedEntityManagerInvocationHandler : Creating new EntityManager for shared EntityManager invocation
2025-01-04T21:54:11.471+01:00 DEBUG 653030 --- [           main] o.s.d.r.c.s.RepositoryFactorySupport     : Initializing repository instance for com.magazin.magazina.repositories.ProductCategoryRepository…
2025-01-04T21:54:11.472+01:00 DEBUG 653030 --- [           main] tor$SharedEntityManagerInvocationHandler : Creating new EntityManager for shared EntityManager invocation
2025-01-04T21:54:11.475+01:00 DEBUG 653030 --- [           main] o.s.d.r.c.s.RepositoryFactorySupport     : Finished creation of repository instance for com.magazin.magazina.repositories.ProductCategoryRepository.
2025-01-04T21:54:11.477+01:00 DEBUG 653030 --- [           main] o.s.b.f.s.DefaultListableBeanFactory     : Creating shared instance of singleton bean 'productCategoryService'
2025-01-04T21:54:11.477+01:00 DEBUG 653030 --- [           main] o.s.b.f.s.DefaultListableBeanFactory     : Creating shared instance of singleton bean 'productController'
2025-01-04T21:54:11.478+01:00 DEBUG 653030 --- [           main] o.s.b.f.s.DefaultListableBeanFactory     : Creating shared instance of singleton bean 'productService'
2025-01-04T21:54:11.478+01:00 DEBUG 653030 --- [           main] o.s.b.f.s.DefaultListableBeanFactory     : Creating shared instance of singleton bean 'productImageRepository'
2025-01-04T21:54:11.479+01:00 DEBUG 653030 --- [           main] o.s.b.f.s.DefaultListableBeanFactory     : Creating shared instance of singleton bean 'jpa.named-queries#0'
2025-01-04T21:54:11.480+01:00 DEBUG 653030 --- [           main] o.s.b.f.s.DefaultListableBeanFactory     : Creating shared instance of singleton bean 'jpa.ProductImageRepository.fragments#0'
2025-01-04T21:54:11.481+01:00 DEBUG 653030 --- [           main] tor$SharedEntityManagerInvocationHandler : Creating new EntityManager for shared EntityManager invocation
2025-01-04T21:54:11.481+01:00 DEBUG 653030 --- [           main] o.s.d.r.c.s.RepositoryFactorySupport     : Initializing repository instance for com.magazin.magazina.repositories.ProductImageRepository…
2025-01-04T21:54:11.481+01:00 DEBUG 653030 --- [           main] tor$SharedEntityManagerInvocationHandler : Creating new EntityManager for shared EntityManager invocation
2025-01-04T21:54:11.483+01:00 DEBUG 653030 --- [           main] o.s.d.jpa.repository.query.NamedQuery    : Looking up named query ProductImage.findByProduct
2025-01-04T21:54:11.483+01:00 DEBUG 653030 --- [           main] o.s.d.jpa.repository.query.NamedQuery    : Did not find named query ProductImage.findByProduct
2025-01-04T21:54:11.483+01:00 DEBUG 653030 --- [           main] tor$SharedEntityManagerInvocationHandler : Creating new EntityManager for shared EntityManager invocation
2025-01-04T21:54:11.486+01:00 DEBUG 653030 --- [           main] o.s.d.r.c.s.RepositoryFactorySupport     : Finished creation of repository instance for com.magazin.magazina.repositories.ProductImageRepository.
2025-01-04T21:54:11.487+01:00 DEBUG 653030 --- [           main] o.s.b.f.s.DefaultListableBeanFactory     : Creating shared instance of singleton bean 'supplierRepository'
2025-01-04T21:54:11.488+01:00 DEBUG 653030 --- [           main] o.s.b.f.s.DefaultListableBeanFactory     : Creating shared instance of singleton bean 'jpa.named-queries#5'
2025-01-04T21:54:11.489+01:00 DEBUG 653030 --- [           main] o.s.b.f.s.DefaultListableBeanFactory     : Creating shared instance of singleton bean 'jpa.SupplierRepository.fragments#0'
2025-01-04T21:54:11.489+01:00 DEBUG 653030 --- [           main] tor$SharedEntityManagerInvocationHandler : Creating new EntityManager for shared EntityManager invocation
2025-01-04T21:54:11.490+01:00 DEBUG 653030 --- [           main] o.s.d.r.c.s.RepositoryFactorySupport     : Initializing repository instance for com.magazin.magazina.repositories.SupplierRepository…
2025-01-04T21:54:11.490+01:00 DEBUG 653030 --- [           main] tor$SharedEntityManagerInvocationHandler : Creating new EntityManager for shared EntityManager invocation
2025-01-04T21:54:11.493+01:00 DEBUG 653030 --- [           main] o.s.d.r.c.s.RepositoryFactorySupport     : Finished creation of repository instance for com.magazin.magazina.repositories.SupplierRepository.
2025-01-04T21:54:11.495+01:00 DEBUG 653030 --- [           main] o.s.b.f.s.DefaultListableBeanFactory     : Creating shared instance of singleton bean 'statusController'
2025-01-04T21:54:11.496+01:00 DEBUG 653030 --- [           main] o.s.b.f.s.DefaultListableBeanFactory     : Creating shared instance of singleton bean 'stockController'
2025-01-04T21:54:11.496+01:00 DEBUG 653030 --- [           main] o.s.b.f.s.DefaultListableBeanFactory     : Creating shared instance of singleton bean 'stockService'
2025-01-04T21:54:11.497+01:00 DEBUG 653030 --- [           main] o.s.b.f.s.DefaultListableBeanFactory     : Creating shared instance of singleton bean 'supplierController'
2025-01-04T21:54:11.497+01:00 DEBUG 653030 --- [           main] o.s.b.f.s.DefaultListableBeanFactory     : Creating shared instance of singleton bean 'supplierService'
2025-01-04T21:54:11.498+01:00 DEBUG 653030 --- [           main] o.s.b.f.s.DefaultListableBeanFactory     : Creating shared instance of singleton bean 'userController'
2025-01-04T21:54:11.499+01:00 DEBUG 653030 --- [           main] o.s.b.f.s.DefaultListableBeanFactory     : Creating shared instance of singleton bean 'customerController'
2025-01-04T21:54:11.500+01:00 DEBUG 653030 --- [           main] o.s.b.f.s.DefaultListableBeanFactory     : Creating shared instance of singleton bean 'customerService'
2025-01-04T21:54:11.500+01:00 DEBUG 653030 --- [           main] o.s.b.f.s.DefaultListableBeanFactory     : Creating shared instance of singleton bean 'objectMapper'
2025-01-04T21:54:11.514+01:00 DEBUG 653030 --- [           main] o.s.b.f.s.DefaultListableBeanFactory     : Creating shared instance of singleton bean 'org.springframework.security.config.annotation.web.configuration.WebSecurityConfiguration'
2025-01-04T21:54:11.517+01:00 DEBUG 653030 --- [           main] o.s.b.f.s.DefaultListableBeanFactory     : Creating shared instance of singleton bean 'org.springframework.security.config.annotation.web.configuration.HttpSecurityConfiguration'
2025-01-04T21:54:11.522+01:00 DEBUG 653030 --- [           main] o.s.b.f.s.DefaultListableBeanFactory     : Creating shared instance of singleton bean 'mvcContentNegotiationManager'
2025-01-04T21:54:11.522+01:00 DEBUG 653030 --- [           main] o.s.b.f.s.DefaultListableBeanFactory     : Creating shared instance of singleton bean 'org.springframework.boot.autoconfigure.web.servlet.WebMvcAutoConfiguration$EnableWebMvcConfiguration'
2025-01-04T21:54:11.522+01:00 DEBUG 653030 --- [           main] o.s.b.f.s.DefaultListableBeanFactory     : Creating shared instance of singleton bean 'spring.mvc-org.springframework.boot.autoconfigure.web.servlet.WebMvcProperties'
2025-01-04T21:54:11.529+01:00 DEBUG 653030 --- [           main] o.s.b.f.s.DefaultListableBeanFactory     : Creating shared instance of singleton bean 'spring.web-org.springframework.boot.autoconfigure.web.WebProperties'
2025-01-04T21:54:11.538+01:00 DEBUG 653030 --- [           main] o.s.b.f.s.DefaultListableBeanFactory     : Autowiring by type from bean name 'org.springframework.boot.autoconfigure.web.servlet.WebMvcAutoConfiguration$EnableWebMvcConfiguration' via constructor to bean named 'spring.mvc-org.springframework.boot.autoconfigure.web.servlet.WebMvcProperties'
2025-01-04T21:54:11.538+01:00 DEBUG 653030 --- [           main] o.s.b.f.s.DefaultListableBeanFactory     : Autowiring by type from bean name 'org.springframework.boot.autoconfigure.web.servlet.WebMvcAutoConfiguration$EnableWebMvcConfiguration' via constructor to bean named 'spring.web-org.springframework.boot.autoconfigure.web.WebProperties'
2025-01-04T21:54:11.538+01:00 DEBUG 653030 --- [           main] o.s.b.f.s.DefaultListableBeanFactory     : Autowiring by type from bean name 'org.springframework.boot.autoconfigure.web.servlet.WebMvcAutoConfiguration$EnableWebMvcConfiguration' via constructor to bean named 'org.springframework.beans.factory.support.DefaultListableBeanFactory@79a1728c'
2025-01-04T21:54:11.544+01:00 DEBUG 653030 --- [           main] o.s.b.f.s.DefaultListableBeanFactory     : Creating shared instance of singleton bean 'org.springframework.security.config.annotation.web.configuration.WebMvcSecurityConfiguration'
2025-01-04T21:54:11.545+01:00 DEBUG 653030 --- [           main] o.s.b.f.s.DefaultListableBeanFactory     : Creating shared instance of singleton bean 'org.springframework.boot.autoconfigure.web.servlet.WebMvcAutoConfiguration$WebMvcAutoConfigurationAdapter'
2025-01-04T21:54:11.546+01:00 DEBUG 653030 --- [           main] o.s.b.f.s.DefaultListableBeanFactory     : Autowiring by type from bean name 'org.springframework.boot.autoconfigure.web.servlet.WebMvcAutoConfiguration$WebMvcAutoConfigurationAdapter' via constructor to bean named 'spring.web-org.springframework.boot.autoconfigure.web.WebProperties'
2025-01-04T21:54:11.546+01:00 DEBUG 653030 --- [           main] o.s.b.f.s.DefaultListableBeanFactory     : Autowiring by type from bean name 'org.springframework.boot.autoconfigure.web.servlet.WebMvcAutoConfiguration$WebMvcAutoConfigurationAdapter' via constructor to bean named 'spring.mvc-org.springframework.boot.autoconfigure.web.servlet.WebMvcProperties'
2025-01-04T21:54:11.546+01:00 DEBUG 653030 --- [           main] o.s.b.f.s.DefaultListableBeanFactory     : Autowiring by type from bean name 'org.springframework.boot.autoconfigure.web.servlet.WebMvcAutoConfiguration$WebMvcAutoConfigurationAdapter' via constructor to bean named 'org.springframework.beans.factory.support.DefaultListableBeanFactory@79a1728c'
2025-01-04T21:54:11.550+01:00 DEBUG 653030 --- [           main] o.s.b.f.s.DefaultListableBeanFactory     : Creating shared instance of singleton bean 'openEntityManagerInViewInterceptorConfigurer'
2025-01-04T21:54:11.551+01:00 DEBUG 653030 --- [           main] o.s.b.f.s.DefaultListableBeanFactory     : Creating shared instance of singleton bean 'org.springframework.boot.autoconfigure.orm.jpa.JpaBaseConfiguration$JpaWebConfiguration'
2025-01-04T21:54:11.551+01:00 DEBUG 653030 --- [           main] o.s.b.f.s.DefaultListableBeanFactory     : Autowiring by type from bean name 'org.springframework.boot.autoconfigure.orm.jpa.JpaBaseConfiguration$JpaWebConfiguration' via constructor to bean named 'spring.jpa-org.springframework.boot.autoconfigure.orm.jpa.JpaProperties'
2025-01-04T21:54:11.553+01:00 DEBUG 653030 --- [           main] o.s.b.f.s.DefaultListableBeanFactory     : Creating shared instance of singleton bean 'openEntityManagerInViewInterceptor'
2025-01-04T21:54:11.553+01:00  WARN 653030 --- [           main] JpaBaseConfiguration$JpaWebConfiguration : spring.jpa.open-in-view is enabled by default. Therefore, database queries may be performed during view rendering. Explicitly configure spring.jpa.open-in-view to disable this warning
2025-01-04T21:54:11.558+01:00 DEBUG 653030 --- [           main] o.s.b.f.s.DefaultListableBeanFactory     : Autowiring by type from bean name 'openEntityManagerInViewInterceptorConfigurer' via factory method to bean named 'openEntityManagerInViewInterceptor'
2025-01-04T21:54:11.560+01:00 DEBUG 653030 --- [           main] o.s.b.f.s.DefaultListableBeanFactory     : Creating shared instance of singleton bean 'org.springframework.data.web.config.SpringDataWebConfiguration'
2025-01-04T21:54:11.563+01:00 DEBUG 653030 --- [           main] o.s.b.f.s.DefaultListableBeanFactory     : Autowiring by type from bean name 'org.springframework.data.web.config.SpringDataWebConfiguration' via constructor to bean named 'org.springframework.web.context.support.GenericWebApplicationContext@1e411d81'
2025-01-04T21:54:11.662+01:00 DEBUG 653030 --- [           main] o.s.b.f.s.DefaultListableBeanFactory     : Creating shared instance of singleton bean 'filterChainDecoratorPostProcessor'
2025-01-04T21:54:11.664+01:00 DEBUG 653030 --- [           main] o.s.b.f.s.DefaultListableBeanFactory     : Creating shared instance of singleton bean 'mvcHandlerMappingIntrospectorRequestTransformer'
2025-01-04T21:54:11.665+01:00 DEBUG 653030 --- [           main] o.s.b.f.s.DefaultListableBeanFactory     : Creating shared instance of singleton bean 'mvcHandlerMappingIntrospector'
2025-01-04T21:54:11.670+01:00 DEBUG 653030 --- [           main] o.s.b.f.s.DefaultListableBeanFactory     : Creating shared instance of singleton bean 'welcomePageHandlerMapping'
2025-01-04T21:54:11.671+01:00 DEBUG 653030 --- [           main] o.s.b.f.s.DefaultListableBeanFactory     : Creating shared instance of singleton bean 'mvcConversionService'
2025-01-04T21:54:11.679+01:00 DEBUG 653030 --- [           main] o.s.b.f.s.DefaultListableBeanFactory     : Creating shared instance of singleton bean 'mvcResourceUrlProvider'
2025-01-04T21:54:11.683+01:00 DEBUG 653030 --- [           main] o.s.b.f.s.DefaultListableBeanFactory     : Autowiring by type from bean name 'welcomePageHandlerMapping' via factory method to bean named 'org.springframework.web.context.support.GenericWebApplicationContext@1e411d81'
2025-01-04T21:54:11.683+01:00 DEBUG 653030 --- [           main] o.s.b.f.s.DefaultListableBeanFactory     : Autowiring by type from bean name 'welcomePageHandlerMapping' via factory method to bean named 'mvcConversionService'
2025-01-04T21:54:11.683+01:00 DEBUG 653030 --- [           main] o.s.b.f.s.DefaultListableBeanFactory     : Autowiring by type from bean name 'welcomePageHandlerMapping' via factory method to bean named 'mvcResourceUrlProvider'
2025-01-04T21:54:11.709+01:00 DEBUG 653030 --- [           main] o.s.b.f.s.DefaultListableBeanFactory     : Creating shared instance of singleton bean 'welcomePageNotAcceptableHandlerMapping'
2025-01-04T21:54:11.710+01:00 DEBUG 653030 --- [           main] o.s.b.f.s.DefaultListableBeanFactory     : Autowiring by type from bean name 'welcomePageNotAcceptableHandlerMapping' via factory method to bean named 'org.springframework.web.context.support.GenericWebApplicationContext@1e411d81'
2025-01-04T21:54:11.710+01:00 DEBUG 653030 --- [           main] o.s.b.f.s.DefaultListableBeanFactory     : Autowiring by type from bean name 'welcomePageNotAcceptableHandlerMapping' via factory method to bean named 'mvcConversionService'
2025-01-04T21:54:11.710+01:00 DEBUG 653030 --- [           main] o.s.b.f.s.DefaultListableBeanFactory     : Autowiring by type from bean name 'welcomePageNotAcceptableHandlerMapping' via factory method to bean named 'mvcResourceUrlProvider'
2025-01-04T21:54:11.714+01:00 DEBUG 653030 --- [           main] o.s.b.f.s.DefaultListableBeanFactory     : Creating shared instance of singleton bean 'requestMappingHandlerMapping'
2025-01-04T21:54:11.716+01:00 DEBUG 653030 --- [           main] o.s.b.f.s.DefaultListableBeanFactory     : Autowiring by type from bean name 'requestMappingHandlerMapping' via factory method to bean named 'mvcContentNegotiationManager'
2025-01-04T21:54:11.716+01:00 DEBUG 653030 --- [           main] o.s.b.f.s.DefaultListableBeanFactory     : Autowiring by type from bean name 'requestMappingHandlerMapping' via factory method to bean named 'mvcConversionService'
2025-01-04T21:54:11.716+01:00 DEBUG 653030 --- [           main] o.s.b.f.s.DefaultListableBeanFactory     : Autowiring by type from bean name 'requestMappingHandlerMapping' via factory method to bean named 'mvcResourceUrlProvider'
2025-01-04T21:54:11.819+01:00 DEBUG 653030 --- [           main] s.w.s.m.m.a.RequestMappingHandlerMapping : 49 mappings in 'requestMappingHandlerMapping'
2025-01-04T21:54:11.824+01:00 DEBUG 653030 --- [           main] o.s.b.f.s.DefaultListableBeanFactory     : Creating shared instance of singleton bean 'viewControllerHandlerMapping'
2025-01-04T21:54:11.824+01:00 DEBUG 653030 --- [           main] o.s.b.f.s.DefaultListableBeanFactory     : Autowiring by type from bean name 'viewControllerHandlerMapping' via factory method to bean named 'mvcConversionService'
2025-01-04T21:54:11.825+01:00 DEBUG 653030 --- [           main] o.s.b.f.s.DefaultListableBeanFactory     : Autowiring by type from bean name 'viewControllerHandlerMapping' via factory method to bean named 'mvcResourceUrlProvider'
2025-01-04T21:54:11.825+01:00 DEBUG 653030 --- [           main] o.s.b.f.s.DefaultListableBeanFactory     : Creating shared instance of singleton bean 'beanNameHandlerMapping'
2025-01-04T21:54:11.826+01:00 DEBUG 653030 --- [           main] o.s.b.f.s.DefaultListableBeanFactory     : Autowiring by type from bean name 'beanNameHandlerMapping' via factory method to bean named 'mvcConversionService'
2025-01-04T21:54:11.826+01:00 DEBUG 653030 --- [           main] o.s.b.f.s.DefaultListableBeanFactory     : Autowiring by type from bean name 'beanNameHandlerMapping' via factory method to bean named 'mvcResourceUrlProvider'
2025-01-04T21:54:11.831+01:00 DEBUG 653030 --- [           main] o.s.b.f.s.DefaultListableBeanFactory     : Creating shared instance of singleton bean 'routerFunctionMapping'
2025-01-04T21:54:11.831+01:00 DEBUG 653030 --- [           main] o.s.b.f.s.DefaultListableBeanFactory     : Autowiring by type from bean name 'routerFunctionMapping' via factory method to bean named 'mvcConversionService'
2025-01-04T21:54:11.832+01:00 DEBUG 653030 --- [           main] o.s.b.f.s.DefaultListableBeanFactory     : Autowiring by type from bean name 'routerFunctionMapping' via factory method to bean named 'mvcResourceUrlProvider'
2025-01-04T21:54:11.833+01:00 DEBUG 653030 --- [           main] o.s.b.f.s.DefaultListableBeanFactory     : Creating shared instance of singleton bean 'messageConverters'
2025-01-04T21:54:11.833+01:00 DEBUG 653030 --- [           main] o.s.b.f.s.DefaultListableBeanFactory     : Creating shared instance of singleton bean 'org.springframework.boot.autoconfigure.http.HttpMessageConvertersAutoConfiguration'
2025-01-04T21:54:11.837+01:00 DEBUG 653030 --- [           main] o.s.b.f.s.DefaultListableBeanFactory     : Creating shared instance of singleton bean 'stringHttpMessageConverter'
2025-01-04T21:54:11.837+01:00 DEBUG 653030 --- [           main] o.s.b.f.s.DefaultListableBeanFactory     : Creating shared instance of singleton bean 'org.springframework.boot.autoconfigure.http.HttpMessageConvertersAutoConfiguration$StringHttpMessageConverterConfiguration'
2025-01-04T21:54:11.838+01:00 DEBUG 653030 --- [           main] o.s.b.f.s.DefaultListableBeanFactory     : Autowiring by type from bean name 'stringHttpMessageConverter' via factory method to bean named 'environment'
2025-01-04T21:54:11.843+01:00 DEBUG 653030 --- [           main] o.s.b.f.s.DefaultListableBeanFactory     : Creating shared instance of singleton bean 'mappingJackson2HttpMessageConverter'
2025-01-04T21:54:11.843+01:00 DEBUG 653030 --- [           main] o.s.b.f.s.DefaultListableBeanFactory     : Creating shared instance of singleton bean 'org.springframework.boot.autoconfigure.http.JacksonHttpMessageConvertersConfiguration$MappingJackson2HttpMessageConverterConfiguration'
2025-01-04T21:54:11.844+01:00 DEBUG 653030 --- [           main] o.s.b.f.s.DefaultListableBeanFactory     : Autowiring by type from bean name 'mappingJackson2HttpMessageConverter' via factory method to bean named 'objectMapper'
2025-01-04T21:54:11.893+01:00 DEBUG 653030 --- [           main] o.s.b.f.s.DefaultListableBeanFactory     : Creating shared instance of singleton bean 'resourceHandlerMapping'
2025-01-04T21:54:11.894+01:00 DEBUG 653030 --- [           main] o.s.b.f.s.DefaultListableBeanFactory     : Autowiring by type from bean name 'resourceHandlerMapping' via factory method to bean named 'mvcContentNegotiationManager'
2025-01-04T21:54:11.894+01:00 DEBUG 653030 --- [           main] o.s.b.f.s.DefaultListableBeanFactory     : Autowiring by type from bean name 'resourceHandlerMapping' via factory method to bean named 'mvcConversionService'
2025-01-04T21:54:11.894+01:00 DEBUG 653030 --- [           main] o.s.b.f.s.DefaultListableBeanFactory     : Autowiring by type from bean name 'resourceHandlerMapping' via factory method to bean named 'mvcResourceUrlProvider'
2025-01-04T21:54:11.913+01:00 DEBUG 653030 --- [           main] o.s.w.s.handler.SimpleUrlHandlerMapping  : Patterns [/webjars/**, /**] in 'resourceHandlerMapping'
2025-01-04T21:54:11.915+01:00 DEBUG 653030 --- [           main] o.s.b.f.s.DefaultListableBeanFactory     : Creating shared instance of singleton bean 'defaultServletHandlerMapping'
2025-01-04T21:54:11.923+01:00 DEBUG 653030 --- [           main] o.s.b.f.s.DefaultListableBeanFactory     : Creating shared instance of singleton bean 'securityFilterChain'
2025-01-04T21:54:11.924+01:00 DEBUG 653030 --- [           main] o.s.b.f.s.DefaultListableBeanFactory     : Autowiring by type from bean name 'securityFilterChain' via factory method to bean named 'org.springframework.security.config.annotation.web.configuration.HttpSecurityConfiguration.httpSecurity'
2025-01-04T21:54:11.932+01:00 DEBUG 653030 --- [           main] o.s.b.f.s.DefaultListableBeanFactory     : Creating shared instance of singleton bean 'webAuthorizationManagerPostProcessor'
2025-01-04T21:54:11.943+01:00 DEBUG 653030 --- [           main] o.s.b.f.s.DefaultListableBeanFactory     : Creating shared instance of singleton bean 'authenticationManagerPostProcessor'
2025-01-04T21:54:11.963+01:00 DEBUG 653030 --- [           main] o.s.s.web.DefaultSecurityFilterChain     : Will secure any request with filters: DisableEncodeUrlFilter, WebAsyncManagerIntegrationFilter, SecurityContextHolderFilter, HeaderWriterFilter, CorsFilter, LogoutFilter, RequestCacheAwareFilter, SecurityContextHolderAwareRequestFilter, AnonymousAuthenticationFilter, ExceptionTranslationFilter, AuthorizationFilter
2025-01-04T21:54:11.966+01:00 DEBUG 653030 --- [           main] o.s.b.f.s.DefaultListableBeanFactory     : Creating shared instance of singleton bean 'delegatingApplicationListener'
2025-01-04T21:54:11.966+01:00 DEBUG 653030 --- [           main] o.s.b.f.s.DefaultListableBeanFactory     : Creating shared instance of singleton bean 'springSecurityFilterChain'
2025-01-04T21:54:11.976+01:00 DEBUG 653030 --- [           main] o.s.b.f.s.DefaultListableBeanFactory     : Creating shared instance of singleton bean 'webSecurityExpressionHandler'
2025-01-04T21:54:11.977+01:00 DEBUG 653030 --- [           main] o.s.b.f.s.DefaultListableBeanFactory     : Creating shared instance of singleton bean 'privilegeEvaluator'
2025-01-04T21:54:11.978+01:00 DEBUG 653030 --- [           main] o.s.b.f.s.DefaultListableBeanFactory     : Creating shared instance of singleton bean 'requestDataValueProcessor'
2025-01-04T21:54:11.979+01:00 DEBUG 653030 --- [           main] o.s.b.f.s.DefaultListableBeanFactory     : Creating shared instance of singleton bean 'org.springframework.security.config.annotation.web.configuration.ObservationConfiguration'
2025-01-04T21:54:11.979+01:00 DEBUG 653030 --- [           main] o.s.b.f.s.DefaultListableBeanFactory     : Creating shared instance of singleton bean 'commandLineRunner'
2025-01-04T21:54:11.980+01:00 DEBUG 653030 --- [           main] o.s.b.f.s.DefaultListableBeanFactory     : Autowiring by type from bean name 'commandLineRunner' via factory method to bean named 'authenticationService'
2025-01-04T21:54:11.980+01:00 DEBUG 653030 --- [           main] o.s.b.f.s.DefaultListableBeanFactory     : Autowiring by type from bean name 'commandLineRunner' via factory method to bean named 'userService'
2025-01-04T21:54:11.981+01:00 DEBUG 653030 --- [           main] o.s.b.f.s.DefaultListableBeanFactory     : Creating shared instance of singleton bean 'org.springframework.boot.autoconfigure.context.PropertyPlaceholderAutoConfiguration'
2025-01-04T21:54:11.981+01:00 DEBUG 653030 --- [           main] o.s.b.f.s.DefaultListableBeanFactory     : Creating shared instance of singleton bean 'org.springframework.boot.autoconfigure.ssl.SslAutoConfiguration'
2025-01-04T21:54:11.982+01:00 DEBUG 653030 --- [           main] o.s.b.f.s.DefaultListableBeanFactory     : Creating shared instance of singleton bean 'spring.ssl-org.springframework.boot.autoconfigure.ssl.SslProperties'
[...]

   SendGridAutoConfiguration:
      Did not match:
         - @ConditionalOnClass did not find required class 'com.sendgrid.SendGrid' (OnClassCondition)

   ServletWebServerFactoryAutoConfiguration.ForwardedHeaderFilterConfiguration:
      Did not match:
         - @ConditionalOnProperty (server.forward-headers-strategy=framework) did not find property 'server.forward-headers-strategy' (OnPropertyCondition)

   ServletWebServerFactoryConfiguration.EmbeddedJetty:
      Did not match:
         - @ConditionalOnClass did not find required classes 'org.eclipse.jetty.server.Server', 'org.eclipse.jetty.util.Loader', 'org.eclipse.jetty.ee10.webapp.WebAppContext' (OnClassCondition)

   ServletWebServerFactoryConfiguration.EmbeddedUndertow:
      Did not match:
         - @ConditionalOnClass did not find required classes 'io.undertow.Undertow', 'org.xnio.SslClientAuthMode' (OnClassCondition)

   SessionAutoConfiguration:
      Did not match:
         - @ConditionalOnClass did not find required class 'org.springframework.session.Session' (OnClassCondition)

   SpringApplicationAdminJmxAutoConfiguration:
      Did not match:
         - @ConditionalOnProperty (spring.application.admin.enabled=true) did not find property 'enabled' (OnPropertyCondition)

   SpringBootWebSecurityConfiguration.SecurityFilterChainConfiguration:
      Did not match:
         - AllNestedConditions 1 matched 1 did not; NestedCondition on DefaultWebSecurityCondition.Beans @ConditionalOnMissingBean (types: org.springframework.security.web.SecurityFilterChain; SearchStrategy: all) found beans of type 'org.springframework.security.web.SecurityFilterChain' securityFilterChain; NestedCondition on DefaultWebSecurityCondition.Classes @ConditionalOnClass found required classes 'org.springframework.security.web.SecurityFilterChain', 'org.springframework.security.config.annotation.web.builders.HttpSecurity' (DefaultWebSecurityCondition)

   SpringBootWebSecurityConfiguration.WebSecurityEnablerConfiguration:
      Did not match:
         - @ConditionalOnMissingBean (names: springSecurityFilterChain; SearchStrategy: all) found beans named springSecurityFilterChain (OnBeanCondition)
      Matched:
         - @ConditionalOnClass found required class 'org.springframework.security.config.annotation.web.configuration.EnableWebSecurity' (OnClassCondition)

   TaskExecutorConfigurations.SimpleAsyncTaskExecutorBuilderConfiguration#simpleAsyncTaskExecutorBuilderVirtualThreads:
      Did not match:
         - @ConditionalOnMissingBean (types: org.springframework.boot.task.SimpleAsyncTaskExecutorBuilder; SearchStrategy: all) found beans of type 'org.springframework.boot.task.SimpleAsyncTaskExecutorBuilder' simpleAsyncTaskExecutorBuilder (OnBeanCondition)

   TaskExecutorConfigurations.TaskExecutorConfiguration#applicationTaskExecutorVirtualThreads:
      Did not match:
         - @ConditionalOnThreading did not find VIRTUAL (OnThreadingCondition)

   TaskSchedulingAutoConfiguration#scheduledBeanLazyInitializationExcludeFilter:
      Did not match:
         - @ConditionalOnBean (names: org.springframework.context.annotation.internalScheduledAnnotationProcessor; SearchStrategy: all) did not find any beans named org.springframework.context.annotation.internalScheduledAnnotationProcessor (OnBeanCondition)

   TaskSchedulingConfigurations.SimpleAsyncTaskSchedulerBuilderConfiguration#simpleAsyncTaskSchedulerBuilderVirtualThreads:
      Did not match:
         - @ConditionalOnMissingBean (types: org.springframework.boot.task.SimpleAsyncTaskSchedulerBuilder; SearchStrategy: all) found beans of type 'org.springframework.boot.task.SimpleAsyncTaskSchedulerBuilder' simpleAsyncTaskSchedulerBuilder (OnBeanCondition)

   TaskSchedulingConfigurations.TaskSchedulerConfiguration:
      Did not match:
         - @ConditionalOnBean (names: org.springframework.context.annotation.internalScheduledAnnotationProcessor; SearchStrategy: all) did not find any beans named org.springframework.context.annotation.internalScheduledAnnotationProcessor (OnBeanCondition)

   ThymeleafAutoConfiguration:
      Did not match:
         - @ConditionalOnClass did not find required class 'org.thymeleaf.spring6.SpringTemplateEngine' (OnClassCondition)

   TransactionAutoConfiguration#transactionalOperator:
      Did not match:
         - @ConditionalOnSingleCandidate (types: org.springframework.transaction.ReactiveTransactionManager; SearchStrategy: all) did not find any beans (OnBeanCondition)

   TransactionAutoConfiguration.AspectJTransactionManagementConfiguration:
      Did not match:
         - @ConditionalOnBean (types: org.springframework.transaction.aspectj.AbstractTransactionAspect; SearchStrategy: all) did not find any beans of type org.springframework.transaction.aspectj.AbstractTransactionAspect (OnBeanCondition)

   TransactionAutoConfiguration.EnableTransactionManagementConfiguration.JdkDynamicAutoProxyConfiguration:
      Did not match:
         - @ConditionalOnProperty (spring.aop.proxy-target-class=false) did not find property 'proxy-target-class' (OnPropertyCondition)

   UserDetailsServiceAutoConfiguration:
      Did not match:
         - @ConditionalOnMissingBean (types: org.springframework.security.authentication.AuthenticationManager,org.springframework.security.authentication.AuthenticationProvider,org.springframework.security.core.userdetails.UserDetailsService,org.springframework.security.authentication.AuthenticationManagerResolver,org.springframework.security.oauth2.jwt.JwtDecoder; SearchStrategy: all) found beans of type 'org.springframework.security.authentication.AuthenticationManager' authenticationManager and found beans of type 'org.springframework.security.core.userdetails.UserDetailsService' userDetailsService and found beans of type 'org.springframework.security.authentication.AuthenticationProvider' authenticationProvider (OnBeanCondition)
      Matched:
         - @ConditionalOnClass found required class 'org.springframework.security.authentication.AuthenticationManager' (OnClassCondition)
         - AnyNestedCondition 1 matched 2 did not; NestedCondition on UserDetailsServiceAutoConfiguration.MissingAlternativeOrUserPropertiesConfigured.PasswordConfigured @ConditionalOnProperty (spring.security.user.password) did not find property 'password'; NestedCondition on UserDetailsServiceAutoConfiguration.MissingAlternativeOrUserPropertiesConfigured.NameConfigured @ConditionalOnProperty (spring.security.user.name) did not find property 'name'; NestedCondition on UserDetailsServiceAutoConfiguration.MissingAlternativeOrUserPropertiesConfigured.MissingAlternative @ConditionalOnMissingClass did not find unwanted classes 'org.springframework.security.oauth2.client.registration.ClientRegistrationRepository', 'org.springframework.security.oauth2.server.resource.introspection.OpaqueTokenIntrospector', 'org.springframework.security.saml2.provider.service.registration.RelyingPartyRegistrationRepository' (UserDetailsServiceAutoConfiguration.MissingAlternativeOrUserPropertiesConfigured)

   ValidationAutoConfiguration:
      Did not match:
         - @ConditionalOnResource did not find resource 'classpath:META-INF/services/jakarta.validation.spi.ValidationProvider' (OnResourceCondition)
      Matched:
         - @ConditionalOnClass found required class 'jakarta.validation.executable.ExecutableValidator' (OnClassCondition)

   WebClientAutoConfiguration:
      Did not match:
         - @ConditionalOnClass did not find required class 'org.springframework.web.reactive.function.client.WebClient' (OnClassCondition)

   WebFluxAutoConfiguration:
      Did not match:
         - @ConditionalOnClass did not find required class 'org.springframework.web.reactive.config.WebFluxConfigurer' (OnClassCondition)

   WebMvcAutoConfiguration#hiddenHttpMethodFilter:
      Did not match:
         - @ConditionalOnProperty (spring.mvc.hiddenmethod.filter.enabled) did not find property 'enabled' (OnPropertyCondition)

   WebMvcAutoConfiguration.ProblemDetailsErrorHandlingConfiguration:
      Did not match:
         - @ConditionalOnProperty (spring.mvc.problemdetails.enabled=true) did not find property 'enabled' (OnPropertyCondition)

   WebMvcAutoConfiguration.ResourceChainCustomizerConfiguration:
      Did not match:
         - @ConditionalOnEnabledResourceChain did not find class org.webjars.WebJarVersionLocator (OnEnabledResourceChainCondition)

   WebMvcAutoConfiguration.WebMvcAutoConfigurationAdapter#beanNameViewResolver:
      Did not match:
         - @ConditionalOnMissingBean (types: org.springframework.web.servlet.view.BeanNameViewResolver; SearchStrategy: all) found beans of type 'org.springframework.web.servlet.view.BeanNameViewResolver' beanNameViewResolver (OnBeanCondition)

   WebServiceTemplateAutoConfiguration:
      Did not match:
         - @ConditionalOnClass did not find required class 'org.springframework.oxm.Marshaller' (OnClassCondition)

   WebServicesAutoConfiguration:
      Did not match:
         - @ConditionalOnClass did not find required class 'org.springframework.ws.transport.http.MessageDispatcherServlet' (OnClassCondition)

   WebSessionIdResolverAutoConfiguration:
      Did not match:
         - @ConditionalOnClass did not find required class 'reactor.core.publisher.Mono' (OnClassCondition)

   WebSocketMessagingAutoConfiguration:
      Did not match:
         - @ConditionalOnClass did not find required class 'org.springframework.web.socket.config.annotation.WebSocketMessageBrokerConfigurer' (OnClassCondition)

   WebSocketReactiveAutoConfiguration:
      Did not match:
         - @ConditionalOnWebApplication did not find reactive web application classes (OnWebApplicationCondition)

   WebSocketServletAutoConfiguration.JettyWebSocketConfiguration:
      Did not match:
         - @ConditionalOnClass did not find required class 'org.eclipse.jetty.ee10.websocket.jakarta.server.config.JakartaWebSocketServletContainerInitializer' (OnClassCondition)

   WebSocketServletAutoConfiguration.UndertowWebSocketConfiguration:
      Did not match:
         - @ConditionalOnClass did not find required class 'io.undertow.websockets.jsr.Bootstrap' (OnClassCondition)

   XADataSourceAutoConfiguration:
      Did not match:
         - @ConditionalOnBean (types: org.springframework.boot.jdbc.XADataSourceWrapper; SearchStrategy: all) did not find any beans of type org.springframework.boot.jdbc.XADataSourceWrapper (OnBeanCondition)
      Matched:
         - @ConditionalOnClass found required classes 'javax.sql.DataSource', 'jakarta.transaction.TransactionManager', 'org.springframework.jdbc.datasource.embedded.EmbeddedDatabaseType' (OnClassCondition)


Exclusions:
-----------

    None


Unconditional classes:
----------------------

    org.springframework.boot.autoconfigure.context.ConfigurationPropertiesAutoConfiguration

    org.springframework.boot.autoconfigure.ssl.SslAutoConfiguration

    org.springframework.boot.autoconfigure.context.LifecycleAutoConfiguration

    org.springframework.boot.autoconfigure.context.PropertyPlaceholderAutoConfiguration

    org.springframework.boot.autoconfigure.availability.ApplicationAvailabilityAutoConfiguration

    org.springframework.boot.autoconfigure.info.ProjectInfoAutoConfiguration



2025-01-04T21:54:12.458+01:00  INFO 653030 --- [           main] c.m.magazina.MagazinaApplicationTests    : Started MagazinaApplicationTests in 105.425 seconds (process running for 107.408)
2025-01-04T21:54:12.460+01:00 DEBUG 653030 --- [           main] o.s.b.a.ApplicationAvailabilityBean      : Application availability state LivenessState changed to CORRECT
2025-01-04T21:54:12.473+01:00 DEBUG 653030 --- [           main] tor$SharedEntityManagerInvocationHandler : Creating new EntityManager for shared EntityManager invocation
Hibernate: select u1_0.id,u1_0.created_at,u1_0.email,u1_0.firstname,u1_0.lastname,u1_0.password,u1_0.phone,u1_0.role,u1_0.updated_at from users u1_0 where u1_0.email=?
Hibernate: select c1_0.id,c1_0.address,c1_0.city,c1_0.country,c1_0.created_at,c1_0.latitude,c1_0.longitude,c1_0.postal_code,c1_0.state,c1_0.updated_at,c1_0.user_id from customers c1_0 where c1_0.user_id=?
Hibernate: select s1_0.id,s1_0.address,s1_0.created_at,s1_0.name,s1_0.tax_id,s1_0.updated_at,s1_0.user_id,u1_0.id,u1_0.created_at,u1_0.email,u1_0.firstname,u1_0.lastname,u1_0.password,u1_0.phone,u1_0.role,u1_0.updated_at from suppliers s1_0 join users u1_0 on u1_0.id=s1_0.user_id where s1_0.user_id=?
Admin with email admin@gmail.com already exists.
2025-01-04T21:54:15.878+01:00 DEBUG 653030 --- [           main] tor$SharedEntityManagerInvocationHandler : Creating new EntityManager for shared EntityManager invocation
Hibernate: select u1_0.id,u1_0.created_at,u1_0.email,u1_0.firstname,u1_0.lastname,u1_0.password,u1_0.phone,u1_0.role,u1_0.updated_at from users u1_0 where u1_0.email=?
Hibernate: select c1_0.id,c1_0.address,c1_0.city,c1_0.country,c1_0.created_at,c1_0.latitude,c1_0.longitude,c1_0.postal_code,c1_0.state,c1_0.updated_at,c1_0.user_id from customers c1_0 where c1_0.user_id=?
Hibernate: select s1_0.id,s1_0.address,s1_0.created_at,s1_0.name,s1_0.tax_id,s1_0.updated_at,s1_0.user_id,u1_0.id,u1_0.created_at,u1_0.email,u1_0.firstname,u1_0.lastname,u1_0.password,u1_0.phone,u1_0.role,u1_0.updated_at from suppliers s1_0 join users u1_0 on u1_0.id=s1_0.user_id where s1_0.user_id=?
Manager with email manager@gmail.com already exists.
2025-01-04T21:54:17.709+01:00 DEBUG 653030 --- [           main] o.s.boot.devtools.restart.Restarter      : Creating new Restarter for thread Thread[#1,main,5,main]
2025-01-04T21:54:17.710+01:00 DEBUG 653030 --- [           main] o.s.b.a.ApplicationAvailabilityBean      : Application availability state ReadinessState changed to ACCEPTING_TRAFFIC
2025-01-04T21:54:17.712+01:00 DEBUG 653030 --- [           main] org.springframework.test.context.cache   : Spring test ApplicationContext cache statistics: [DefaultContextCache@70a984c5 size = 1, maxSize = 32, parentContextCount = 0, hitCount = 0, missCount = 1, failureCount = 0]
2025-01-04T21:54:17.712+01:00 DEBUG 653030 --- [           main] o.s.t.c.w.ServletTestExecutionListener   : Setting up MockHttpServletRequest, MockHttpServletResponse, ServletWebRequest, and RequestContextHolder for test class com.magazin.magazina.MagazinaApplicationTests
2025-01-04T21:54:17.723+01:00 DEBUG 653030 --- [           main] DependencyInjectionTestExecutionListener : Performing dependency injection for test class com.magazin.magazina.MagazinaApplicationTests
2025-01-04T21:54:17.723+01:00 DEBUG 653030 --- [           main] org.springframework.test.context.cache   : Spring test ApplicationContext cache statistics: [DefaultContextCache@70a984c5 size = 1, maxSize = 32, parentContextCount = 0, hitCount = 1, missCount = 1, failureCount = 0]
2025-01-04T21:54:17.724+01:00 DEBUG 653030 --- [           main] org.springframework.test.context.cache   : Spring test ApplicationContext cache statistics: [DefaultContextCache@70a984c5 size = 1, maxSize = 32, parentContextCount = 0, hitCount = 2, missCount = 1, failureCount = 0]
2025-01-04T21:54:17.729+01:00 DEBUG 653030 --- [           main] sContextBeforeModesTestExecutionListener : Before test method: class [MagazinaApplicationTests], method [contextLoads], class annotated with @DirtiesContext [false] with mode [null], method annotated with @DirtiesContext [false] with mode [null]
2025-01-04T21:54:17.731+01:00 DEBUG 653030 --- [           main] org.springframework.test.context.cache   : Spring test ApplicationContext cache statistics: [DefaultContextCache@70a984c5 size = 1, maxSize = 32, parentContextCount = 0, hitCount = 3, missCount = 1, failureCount = 0]
2025-01-04T21:54:17.731+01:00 DEBUG 653030 --- [           main] org.springframework.test.context.cache   : Spring test ApplicationContext cache statistics: [DefaultContextCache@70a984c5 size = 1, maxSize = 32, parentContextCount = 0, hitCount = 4, missCount = 1, failureCount = 0]
2025-01-04T21:54:18.285+01:00 DEBUG 653030 --- [           main] org.springframework.test.context.cache   : Spring test ApplicationContext cache statistics: [DefaultContextCache@70a984c5 size = 1, maxSize = 32, parentContextCount = 0, hitCount = 5, missCount = 1, failureCount = 0]
2025-01-04T21:54:18.288+01:00 DEBUG 653030 --- [           main] org.springframework.test.context.cache   : Spring test ApplicationContext cache statistics: [DefaultContextCache@70a984c5 size = 1, maxSize = 32, parentContextCount = 0, hitCount = 6, missCount = 1, failureCount = 0]
2025-01-04T21:54:18.292+01:00 DEBUG 653030 --- [           main] org.springframework.test.context.cache   : Spring test ApplicationContext cache statistics: [DefaultContextCache@70a984c5 size = 1, maxSize = 32, parentContextCount = 0, hitCount = 7, missCount = 1, failureCount = 0]
2025-01-04T21:54:18.292+01:00 DEBUG 653030 --- [           main] org.springframework.test.context.cache   : Spring test ApplicationContext cache statistics: [DefaultContextCache@70a984c5 size = 1, maxSize = 32, parentContextCount = 0, hitCount = 8, missCount = 1, failureCount = 0]
2025-01-04T21:54:18.293+01:00 DEBUG 653030 --- [           main] org.springframework.test.context.cache   : Spring test ApplicationContext cache statistics: [DefaultContextCache@70a984c5 size = 1, maxSize = 32, parentContextCount = 0, hitCount = 9, missCount = 1, failureCount = 0]
2025-01-04T21:54:18.293+01:00 DEBUG 653030 --- [           main] org.springframework.test.context.cache   : Spring test ApplicationContext cache statistics: [DefaultContextCache@70a984c5 size = 1, maxSize = 32, parentContextCount = 0, hitCount = 10, missCount = 1, failureCount = 0]
2025-01-04T21:54:18.294+01:00 DEBUG 653030 --- [           main] org.springframework.test.context.cache   : Spring test ApplicationContext cache statistics: [DefaultContextCache@70a984c5 size = 1, maxSize = 32, parentContextCount = 0, hitCount = 11, missCount = 1, failureCount = 0]
2025-01-04T21:54:18.295+01:00 DEBUG 653030 --- [           main] org.springframework.test.context.cache   : Spring test ApplicationContext cache statistics: [DefaultContextCache@70a984c5 size = 1, maxSize = 32, parentContextCount = 0, hitCount = 12, missCount = 1, failureCount = 0]
2025-01-04T21:54:18.296+01:00 DEBUG 653030 --- [           main] org.springframework.test.context.cache   : Spring test ApplicationContext cache statistics: [DefaultContextCache@70a984c5 size = 1, maxSize = 32, parentContextCount = 0, hitCount = 13, missCount = 1, failureCount = 0]
2025-01-04T21:54:18.297+01:00 DEBUG 653030 --- [           main] .c.s.DirtiesContextTestExecutionListener : After test method: class [MagazinaApplicationTests], method [contextLoads], class annotated with @DirtiesContext [false] with mode [null], method annotated with @DirtiesContext [false] with mode [null]
2025-01-04T21:54:18.297+01:00 DEBUG 653030 --- [           main] o.s.t.c.w.ServletTestExecutionListener   : Resetting RequestContextHolder for test class com.magazin.magazina.MagazinaApplicationTests
]]></system-out>
    <system-err><![CDATA[Mockito is currently self-attaching to enable the inline-mock-maker. This will no longer work in future releases of the JDK. Please add Mockito as an agent to your build what is described in Mockito's documentation: https://javadoc.io/doc/org.mockito/mockito-core/latest/org/mockito/Mockito.html#0.3
WARNING: A Java agent has been loaded dynamically (/home/mimche/.m2/repository/net/bytebuddy/byte-buddy-agent/1.15.10/byte-buddy-agent-1.15.10.jar)
WARNING: If a serviceability tool is in use, please run with -XX:+EnableDynamicAgentLoading to hide this warning
WARNING: If a serviceability tool is not in use, please run with -Djdk.instrument.traceUsage for more information
WARNING: Dynamic loading of agents will be disallowed by default in a future release
]]></system-err>
  </testcase>
</testsuite>